{"numFailedTestSuites":3,"numFailedTests":10,"numPassedTestSuites":11,"numPassedTests":202,"numPendingTestSuites":0,"numPendingTests":0,"numRuntimeErrorTestSuites":0,"numTodoTests":0,"numTotalTestSuites":14,"numTotalTests":212,"openHandles":[],"snapshot":{"added":0,"didUpdate":false,"failure":false,"filesAdded":0,"filesRemoved":0,"filesRemovedList":[],"filesUnmatched":0,"filesUpdated":0,"matched":0,"total":0,"unchecked":0,"uncheckedKeysByFile":[],"unmatched":0,"updated":0},"startTime":1776749614742,"success":false,"testResults":[{"assertionResults":[{"ancestorTitles":["Sidebar"],"duration":81,"failureDetails":[],"failureMessages":[],"fullName":"Sidebar renders 'AdTicks' brand name when expanded","invocations":1,"location":null,"numPassingAsserts":1,"retryReasons":[],"status":"passed","title":"renders 'AdTicks' brand name when expanded"},{"ancestorTitles":["Sidebar"],"duration":14,"failureDetails":[],"failureMessages":[],"fullName":"Sidebar does not render 'AdTicks' text when collapsed","invocations":1,"location":null,"numPassingAsserts":1,"retryReasons":[],"status":"passed","title":"does not render 'AdTicks' text when collapsed"},{"ancestorTitles":["Sidebar"],"duration":26,"failureDetails":[],"failureMessages":[],"fullName":"Sidebar renders Overview navigation link","invocations":1,"location":null,"numPassingAsserts":1,"retryReasons":[],"status":"passed","title":"renders Overview navigation link"},{"ancestorTitles":["Sidebar"],"duration":19,"failureDetails":[],"failureMessages":[],"fullName":"Sidebar renders SEO Hub navigation link","invocations":1,"location":null,"numPassingAsserts":1,"retryReasons":[],"status":"passed","title":"renders SEO Hub navigation link"},{"ancestorTitles":["Sidebar"],"duration":21,"failureDetails":[],"failureMessages":[],"fullName":"Sidebar renders AI Visibility navigation link","invocations":1,"location":null,"numPassingAsserts":1,"retryReasons":[],"status":"passed","title":"renders AI Visibility navigation link"},{"ancestorTitles":["Sidebar"],"duration":16,"failureDetails":[],"failureMessages":[],"fullName":"Sidebar renders Search Console navigation link","invocations":1,"location":null,"numPassingAsserts":1,"retryReasons":[],"status":"passed","title":"renders Search Console navigation link"},{"ancestorTitles":["Sidebar"],"duration":13,"failureDetails":[],"failureMessages":[],"fullName":"Sidebar renders Ads navigation link","invocations":1,"location":null,"numPassingAsserts":1,"retryReasons":[],"status":"passed","title":"renders Ads navigation link"},{"ancestorTitles":["Sidebar"],"duration":15,"failureDetails":[],"failureMessages":[],"fullName":"Sidebar renders Insights navigation link","invocations":1,"location":null,"numPassingAsserts":1,"retryReasons":[],"status":"passed","title":"renders Insights navigation link"},{"ancestorTitles":["Sidebar"],"duration":15,"failureDetails":[],"failureMessages":[],"fullName":"Sidebar renders Settings navigation link","invocations":1,"location":null,"numPassingAsserts":1,"retryReasons":[],"status":"passed","title":"renders Settings navigation link"},{"ancestorTitles":["Sidebar"],"duration":35,"failureDetails":[{"name":"TestingLibraryElementError"}],"failureMessages":["TestingLibraryElementError: Unable to find an element with the text: Collapse. This could be because the text is broken up by multiple elements. In this case, you can provide a function for your text matcher to make your matcher more flexible.\n\nIgnored nodes: comments, script, style\n\u001b[36m<body>\u001b[39m\n  \u001b[36m<div>\u001b[39m\n    \u001b[36m<aside\u001b[39m\n      \u001b[33mclass\u001b[39m=\u001b[32m\"fixed left-0 top-0 h-screen z-40 flex flex-col overflow-hidden\"\u001b[39m\n      \u001b[33mstyle\u001b[39m=\u001b[32m\"background: rgb(14, 14, 16); border-right: 1px solid rgba(255,255,255,0.055);\"\u001b[39m\n    \u001b[36m>\u001b[39m\n      \u001b[36m<div\u001b[39m\n        \u001b[33mclass\u001b[39m=\u001b[32m\"relative flex items-center h-14 px-3.5 flex-shrink-0\"\u001b[39m\n        \u001b[33mstyle\u001b[39m=\u001b[32m\"border-bottom: 1px solid rgba(255,255,255,0.055);\"\u001b[39m\n      \u001b[36m>\u001b[39m\n        \u001b[36m<div\u001b[39m\n          \u001b[33mclass\u001b[39m=\u001b[32m\"flex items-center gap-2.5 min-w-0 flex-1\"\u001b[39m\n        \u001b[36m>\u001b[39m\n          \u001b[36m<div\u001b[39m\n            \u001b[33mclass\u001b[39m=\u001b[32m\"flex-shrink-0 w-7 h-7 rounded-lg flex items-center justify-center\"\u001b[39m\n            \u001b[33mstyle\u001b[39m=\u001b[32m\"box-shadow: 0 0 14px rgba(99,102,241,0.35);\"\u001b[39m\n          \u001b[36m>\u001b[39m\n            \u001b[36m<svg\u001b[39m\n              \u001b[33mclass\u001b[39m=\u001b[32m\"lucide lucide-chart-no-axes-column w-4 h-4 text-white\"\u001b[39m\n              \u001b[33mfill\u001b[39m=\u001b[32m\"none\"\u001b[39m\n              \u001b[33mheight\u001b[39m=\u001b[32m\"24\"\u001b[39m\n              \u001b[33mstroke\u001b[39m=\u001b[32m\"currentColor\"\u001b[39m\n              \u001b[33mstroke-linecap\u001b[39m=\u001b[32m\"round\"\u001b[39m\n              \u001b[33mstroke-linejoin\u001b[39m=\u001b[32m\"round\"\u001b[39m\n              \u001b[33mstroke-width\u001b[39m=\u001b[32m\"2.5\"\u001b[39m\n              \u001b[33mviewBox\u001b[39m=\u001b[32m\"0 0 24 24\"\u001b[39m\n              \u001b[33mwidth\u001b[39m=\u001b[32m\"24\"\u001b[39m\n              \u001b[33mxmlns\u001b[39m=\u001b[32m\"http://www.w3.org/2000/svg\"\u001b[39m\n            \u001b[36m>\u001b[39m\n              \u001b[36m<line\u001b[39m\n                \u001b[33mx1\u001b[39m=\u001b[32m\"18\"\u001b[39m\n                \u001b[33mx2\u001b[39m=\u001b[32m\"18\"\u001b[39m\n                \u001b[33my1\u001b[39m=\u001b[32m\"20\"\u001b[39m\n                \u001b[33my2\u001b[39m=\u001b[32m\"10\"\u001b[39m\n              \u001b[36m/>\u001b[39m\n              \u001b[36m<line\u001b[39m\n                \u001b[33mx1\u001b[39m=\u001b[32m\"12\"\u001b[39m\n                \u001b[33mx2\u001b[39m=\u001b[32m\"12\"\u001b[39m\n                \u001b[33my1\u001b[39m=\u001b[32m\"20\"\u001b[39m\n                \u001b[33my2\u001b[39m=\u001b[32m\"4\"\u001b[39m\n              \u001b[36m/>\u001b[39m\n              \u001b[36m<line\u001b[39m\n                \u001b[33mx1\u001b[39m=\u001b[32m\"6\"\u001b[39m\n                \u001b[33mx2\u001b[39m=\u001b[32m\"6\"\u001b[39m\n                \u001b[33my1\u001b[39m=\u001b[32m\"20\"\u001b[39m\n                \u001b[33my2\u001b[39m=\u001b[32m\"14\"\u001b[39m\n              \u001b[36m/>\u001b[39m\n            \u001b[36m</svg>\u001b[39m\n          \u001b[36m</div>\u001b[39m\n          \u001b[36m<div\u001b[39m\n            \u001b[33mclass\u001b[39m=\u001b[32m\"flex items-baseline gap-1.5 min-w-0\"\u001b[39m\n            \u001b[33mstyle\u001b[39m=\u001b[32m\"opacity: 0; transform: translateX(-6px);\"\u001b[39m\n          \u001b[36m>\u001b[39m\n            \u001b[36m<span\u001b[39m\n              \u001b[33mclass\u001b[39m=\u001b[32m\"gradient-text font-bold text-[15px] tracking-tight whitespace-nowrap\"\u001b[39m\n            \u001b[36m>\u001b[39m\n              \u001b[0mAdTicks\u001b[0m\n            \u001b[36m</span>\u001b[39m\n            \u001b[36m<span\u001b[39m\n              \u001b[33mclass\u001b[39m=\u001b[32m\"text-[9px] font-semibold px-1.5 py-0.5 rounded-full whitespace-nowrap\"\u001b[39m\n              \u001b[33mstyle\u001b[39m=\u001b[32m\"background: rgba(99, 102, 241, 0.15); color: rgb(129, 140, 248); border: 1px solid rgba(99,102,241,0.2);\"\u001b[39m\n            \u001b[36m>\u001b[39m\n              \u001b[0mBETA\u001b[0m\n            \u001b[36m</span>\u001b[39m\n          \u001b[36m</div>\u001b[39m\n        \u001b[36m</div>\u001b[39m\n        \u001b[36m<button\u001b[39m\n          \u001b[33mclass\u001b[39m=\u001b[32m\"absolute -right-3 top-1/2 -translate-y-1/2 w-6 h-6 rounded-full flex items-center justify-center z-50 hover:scale-110 transition-transform\"\u001b[39m\n          \u001b[33mstyle\u001b[39m=\u001b[32m\"background: rgb(26, 26, 30); border: 1px solid rgba(255,255,255,0.10); box-shadow: 0 2px 8px rgba(0,0,0,0.5);\"\u001b[39m\n        \u001b[36m>\u001b[39m\n          \u001b[36m<svg\u001b[39m\n            \u001b[33mclass\u001b[39m=\u001b[32m\"lucide lucide-chevron-left w-3 h-3 text-text-2\"\u001b[39m\n            \u001b[33mfill\u001b[39m=\u001b[32m\"none\"\u001b[39m\n            \u001b[33mheight\u001b[39m=\u001b[32m\"24\"\u001b[39m\n            \u001b[33mstroke\u001b[39m=\u001b[32m\"currentColor\"\u001b[39m\n            \u001b[33mstroke-linecap\u001b[39m=\u001b[32m\"round\"\u001b[39m\n            \u001b[33mstroke-linejoin\u001b[39m=\u001b[32m\"round\"\u001b[39m\n            \u001b[33mstroke-width\u001b[39m=\u001b[32m\"2\"\u001b[39m\n            \u001b[33mviewBox\u001b[39m=\u001b[32m\"0 0 24 24\"\u001b[39m\n            \u001b[33mwidth\u001b[39m=\u001b[32m\"24\"\u001b[39m\n            \u001b[33mxmlns\u001b[39m=\u001b[32m\"http://www.w3.org/2000/svg\"\u001b[39m\n          \u001b[36m>\u001b[39m\n            \u001b[36m<path\u001b[39m\n              \u001b[33md\u001b[39m=\u001b[32m\"m15 18-6-6 6-6\"\u001b[39m\n            \u001b[36m/>\u001b[39m\n          \u001b[36m</svg>\u001b[39m\n        \u001b[36m</button>\u001b[39m\n      \u001b[36m</div>\u001b[39m\n      \u001b[36m<nav\u001b[39m\n        \u001b[33mclass\u001b[39m=\u001b[32m\"flex-1 py-3 overflow-y-auto overflow-x-hidden scrollbar-none\"\u001b[39m\n      \u001b[36m>\u001b[39m\n        \u001b[36m<div\u001b[39m\n          \u001b[33mclass\u001b[39m=\u001b[32m\"px-2\"\u001b[39m\n        \u001b[36m>\u001b[39m\n          \u001b[36m<p\u001b[39m\n            \u001b[33mclass\u001b[39m=\u001b[32m\"px-2 pb-1 pt-2 text-[10px] font-semibold uppercase tracking-widest text-text-3\"\u001b[39m\n            \u001b[33mstyle\u001b[39m=\u001b[32m\"opacity: 0;\"\u001b[39m\n          \u001b[36m>\u001b[39m\n            \u001b[0mMain\u001b[0m\n          \u001b[36m</p>\u001b[39m\n          \u001b[36m<div\u001b[39m\n            \u001b[33mclass\u001b[39m=\u001b[32m\"space-y-0.5\"\u001b[39m\n          \u001b[36m>\u001b[39m\n            \u001b[36m<div\u001b[39m\n              \u001b[33mclass\u001b[39m=\u001b[32m\"relative\"\u001b[39m\n            \u001b[36m>\u001b[39m\n              \u001b[36m<a\u001b[39m\n                \u001b[33mhref\u001b[39m=\u001b[32m\"/\"\u001b[39m\n              \u001b[36m>\u001b[39m\n                \u001b[36m<span\u001b[39m\n                  \u001b[33mclass\u001b[39m=\u001b[32m\"absolute left-0 top-1/2 -translate-y-1/2 w-0.5 h-4 rounded-r-full\"\u001b[39m\n                  \u001b[33mstyle\u001b[39m=\u001b[32m\"background: rgb(99, 102, 241);\"\u001b[39m\n                \u001b[36m/>\u001b[39m\n                \u001b[36m<svg\u001b[39m\n                  \u001b[33mclass\u001b[39m=\u001b[32m\"lucide lucide-layout-dashboard flex-shrink-0 transition-colors text-primary\"\u001b[39m\n                  \u001b[33mfill\u001b[39m=\u001b[32m\"none\"\u001b[39m\n                  \u001b[33mheight\u001b[39m=\u001b[32m\"15\"\u001b[39m\n                  \u001b[33mstroke\u001b[39m=\u001b[32m\"currentColor\"\u001b[39m\n                  \u001b[33mstroke-linecap\u001b[39m=\u001b[32m\"round\"\u001b[39m\n                  \u001b[33mstroke-linejoin\u001b[39m=\u001b[32m\"round\"\u001b[39m\n                  \u001b[33mstroke-width\u001b[39m=\u001b[32m\"2.5\"\u001b[39m\n                  \u001b[33mviewBox\u001b[39m=\u001b[32m\"0 0 24 24\"\u001b[39m\n                  \u001b[33mwidth\u001b[39m=\u001b[32m\"15\"\u001b[39m\n                  \u001b[33mxmlns\u001b[39m=\u001b[32m\"http://www.w3.org/2000/svg\"\u001b[39m\n                \u001b[36m>\u001b[39m\n                  \u001b[36m<rect\u001b[39m\n                    \u001b[33mheight\u001b[39m=\u001b[32m\"9\"\u001b[39m\n                    \u001b[33mrx\u001b[39m=\u001b[32m\"1\"\u001b[39m\n                    \u001b[33mwidth\u001b[39m=\u001b[32m\"7\"\u001b[39m\n                    \u001b[33mx\u001b[39m=\u001b[32m\"3\"\u001b[39m\n                    \u001b[33my\u001b[39m=\u001b[32m\"3\"\u001b[39m\n                  \u001b[36m/>\u001b[39m\n                  \u001b[36m<rect\u001b[39m\n                    \u001b[33mheight\u001b[39m=\u001b[32m\"5\"\u001b[39m\n                    \u001b[33mrx\u001b[39m=\u001b[32m\"1\"\u001b[39m\n                    \u001b[33mwidth\u001b[39m=\u001b[32m\"7\"\u001b[39m\n                    \u001b[33mx\u001b[39m=\u001b[32m\"14\"\u001b[39m\n                    \u001b[33my\u001b[39m=\u001b[32m\"3\"\u001b[39m\n                  \u001b[36m/>\u001b[39m\n                  \u001b[36m<rect\u001b[39m\n                    \u001b[33mheight\u001b[39m=\u001b[32m\"9\"\u001b[39m\n                    \u001b[33mrx\u001b[39m=\u001b[32m\"1\"\u001b[39m\n                    \u001b[33mwidth\u001b[39m=\u001b[32m\"7\"\u001b[39m\n                    \u001b[33mx\u001b[39m=\u001b[32m\"14\"\u001b[39m\n                    \u001b[33my\u001b[39m=\u001b[32m\"12\"\u001b[39m\n                  \u001b[36m/>\u001b[39m\n                  \u001b[36m<rect\u001b[39m\n                    \u001b[33mheight\u001b[39m=\u001b[32m\"5\"\u001b[39m\n                    \u001b[...\n    at Object.getElementError (F:\\Codes\\Claude\\Adticks\\frontend\\node_modules\\@testing-library\\dom\\dist\\config.js:37:19)\n    at F:\\Codes\\Claude\\Adticks\\frontend\\node_modules\\@testing-library\\dom\\dist\\query-helpers.js:76:38\n    at F:\\Codes\\Claude\\Adticks\\frontend\\node_modules\\@testing-library\\dom\\dist\\query-helpers.js:52:17\n    at getByText (F:\\Codes\\Claude\\Adticks\\frontend\\node_modules\\@testing-library\\dom\\dist\\query-helpers.js:95:19)\n    at Object.<anonymous> (F:\\Codes\\Claude\\Adticks\\frontend\\__tests__\\components\\layout\\Sidebar.test.tsx:65:19)\n    at Promise.then.completed (F:\\Codes\\Claude\\Adticks\\frontend\\node_modules\\jest-circus\\build\\utils.js:298:28)\n    at new Promise (<anonymous>)\n    at callAsyncCircusFn (F:\\Codes\\Claude\\Adticks\\frontend\\node_modules\\jest-circus\\build\\utils.js:231:10)\n    at _callCircusTest (F:\\Codes\\Claude\\Adticks\\frontend\\node_modules\\jest-circus\\build\\run.js:316:40)\n    at async _runTest (F:\\Codes\\Claude\\Adticks\\frontend\\node_modules\\jest-circus\\build\\run.js:252:3)\n    at async _runTestsForDescribeBlock (F:\\Codes\\Claude\\Adticks\\frontend\\node_modules\\jest-circus\\build\\run.js:126:9)\n    at async _runTestsForDescribeBlock (F:\\Codes\\Claude\\Adticks\\frontend\\node_modules\\jest-circus\\build\\run.js:121:9)\n    at async run (F:\\Codes\\Claude\\Adticks\\frontend\\node_modules\\jest-circus\\build\\run.js:71:3)\n    at async runAndTransformResultsToJestFormat (F:\\Codes\\Claude\\Adticks\\frontend\\node_modules\\jest-circus\\build\\legacy-code-todo-rewrite\\jestAdapterInit.js:122:21)\n    at async jestAdapter (F:\\Codes\\Claude\\Adticks\\frontend\\node_modules\\jest-circus\\build\\legacy-code-todo-rewrite\\jestAdapter.js:79:19)\n    at async runTestInternal (F:\\Codes\\Claude\\Adticks\\frontend\\node_modules\\jest-runner\\build\\runTest.js:367:16)\n    at async runTest (F:\\Codes\\Claude\\Adticks\\frontend\\node_modules\\jest-runner\\build\\runTest.js:444:34)"],"fullName":"Sidebar renders Collapse toggle button","invocations":1,"location":null,"numPassingAsserts":0,"retryReasons":[],"status":"failed","title":"renders Collapse toggle button"},{"ancestorTitles":["Sidebar"],"duration":21,"failureDetails":[{"name":"TestingLibraryElementError"}],"failureMessages":["TestingLibraryElementError: Unable to find an element with the text: Collapse. This could be because the text is broken up by multiple elements. In this case, you can provide a function for your text matcher to make your matcher more flexible.\n\nIgnored nodes: comments, script, style\n\u001b[36m<body>\u001b[39m\n  \u001b[36m<div>\u001b[39m\n    \u001b[36m<aside\u001b[39m\n      \u001b[33mclass\u001b[39m=\u001b[32m\"fixed left-0 top-0 h-screen z-40 flex flex-col overflow-hidden\"\u001b[39m\n      \u001b[33mstyle\u001b[39m=\u001b[32m\"background: rgb(14, 14, 16); border-right: 1px solid rgba(255,255,255,0.055);\"\u001b[39m\n    \u001b[36m>\u001b[39m\n      \u001b[36m<div\u001b[39m\n        \u001b[33mclass\u001b[39m=\u001b[32m\"relative flex items-center h-14 px-3.5 flex-shrink-0\"\u001b[39m\n        \u001b[33mstyle\u001b[39m=\u001b[32m\"border-bottom: 1px solid rgba(255,255,255,0.055);\"\u001b[39m\n      \u001b[36m>\u001b[39m\n        \u001b[36m<div\u001b[39m\n          \u001b[33mclass\u001b[39m=\u001b[32m\"flex items-center gap-2.5 min-w-0 flex-1\"\u001b[39m\n        \u001b[36m>\u001b[39m\n          \u001b[36m<div\u001b[39m\n            \u001b[33mclass\u001b[39m=\u001b[32m\"flex-shrink-0 w-7 h-7 rounded-lg flex items-center justify-center\"\u001b[39m\n            \u001b[33mstyle\u001b[39m=\u001b[32m\"box-shadow: 0 0 14px rgba(99,102,241,0.35);\"\u001b[39m\n          \u001b[36m>\u001b[39m\n            \u001b[36m<svg\u001b[39m\n              \u001b[33mclass\u001b[39m=\u001b[32m\"lucide lucide-chart-no-axes-column w-4 h-4 text-white\"\u001b[39m\n              \u001b[33mfill\u001b[39m=\u001b[32m\"none\"\u001b[39m\n              \u001b[33mheight\u001b[39m=\u001b[32m\"24\"\u001b[39m\n              \u001b[33mstroke\u001b[39m=\u001b[32m\"currentColor\"\u001b[39m\n              \u001b[33mstroke-linecap\u001b[39m=\u001b[32m\"round\"\u001b[39m\n              \u001b[33mstroke-linejoin\u001b[39m=\u001b[32m\"round\"\u001b[39m\n              \u001b[33mstroke-width\u001b[39m=\u001b[32m\"2.5\"\u001b[39m\n              \u001b[33mviewBox\u001b[39m=\u001b[32m\"0 0 24 24\"\u001b[39m\n              \u001b[33mwidth\u001b[39m=\u001b[32m\"24\"\u001b[39m\n              \u001b[33mxmlns\u001b[39m=\u001b[32m\"http://www.w3.org/2000/svg\"\u001b[39m\n            \u001b[36m>\u001b[39m\n              \u001b[36m<line\u001b[39m\n                \u001b[33mx1\u001b[39m=\u001b[32m\"18\"\u001b[39m\n                \u001b[33mx2\u001b[39m=\u001b[32m\"18\"\u001b[39m\n                \u001b[33my1\u001b[39m=\u001b[32m\"20\"\u001b[39m\n                \u001b[33my2\u001b[39m=\u001b[32m\"10\"\u001b[39m\n              \u001b[36m/>\u001b[39m\n              \u001b[36m<line\u001b[39m\n                \u001b[33mx1\u001b[39m=\u001b[32m\"12\"\u001b[39m\n                \u001b[33mx2\u001b[39m=\u001b[32m\"12\"\u001b[39m\n                \u001b[33my1\u001b[39m=\u001b[32m\"20\"\u001b[39m\n                \u001b[33my2\u001b[39m=\u001b[32m\"4\"\u001b[39m\n              \u001b[36m/>\u001b[39m\n              \u001b[36m<line\u001b[39m\n                \u001b[33mx1\u001b[39m=\u001b[32m\"6\"\u001b[39m\n                \u001b[33mx2\u001b[39m=\u001b[32m\"6\"\u001b[39m\n                \u001b[33my1\u001b[39m=\u001b[32m\"20\"\u001b[39m\n                \u001b[33my2\u001b[39m=\u001b[32m\"14\"\u001b[39m\n              \u001b[36m/>\u001b[39m\n            \u001b[36m</svg>\u001b[39m\n          \u001b[36m</div>\u001b[39m\n          \u001b[36m<div\u001b[39m\n            \u001b[33mclass\u001b[39m=\u001b[32m\"flex items-baseline gap-1.5 min-w-0\"\u001b[39m\n            \u001b[33mstyle\u001b[39m=\u001b[32m\"opacity: 0; transform: translateX(-6px);\"\u001b[39m\n          \u001b[36m>\u001b[39m\n            \u001b[36m<span\u001b[39m\n              \u001b[33mclass\u001b[39m=\u001b[32m\"gradient-text font-bold text-[15px] tracking-tight whitespace-nowrap\"\u001b[39m\n            \u001b[36m>\u001b[39m\n              \u001b[0mAdTicks\u001b[0m\n            \u001b[36m</span>\u001b[39m\n            \u001b[36m<span\u001b[39m\n              \u001b[33mclass\u001b[39m=\u001b[32m\"text-[9px] font-semibold px-1.5 py-0.5 rounded-full whitespace-nowrap\"\u001b[39m\n              \u001b[33mstyle\u001b[39m=\u001b[32m\"background: rgba(99, 102, 241, 0.15); color: rgb(129, 140, 248); border: 1px solid rgba(99,102,241,0.2);\"\u001b[39m\n            \u001b[36m>\u001b[39m\n              \u001b[0mBETA\u001b[0m\n            \u001b[36m</span>\u001b[39m\n          \u001b[36m</div>\u001b[39m\n        \u001b[36m</div>\u001b[39m\n        \u001b[36m<button\u001b[39m\n          \u001b[33mclass\u001b[39m=\u001b[32m\"absolute -right-3 top-1/2 -translate-y-1/2 w-6 h-6 rounded-full flex items-center justify-center z-50 hover:scale-110 transition-transform\"\u001b[39m\n          \u001b[33mstyle\u001b[39m=\u001b[32m\"background: rgb(26, 26, 30); border: 1px solid rgba(255,255,255,0.10); box-shadow: 0 2px 8px rgba(0,0,0,0.5);\"\u001b[39m\n        \u001b[36m>\u001b[39m\n          \u001b[36m<svg\u001b[39m\n            \u001b[33mclass\u001b[39m=\u001b[32m\"lucide lucide-chevron-left w-3 h-3 text-text-2\"\u001b[39m\n            \u001b[33mfill\u001b[39m=\u001b[32m\"none\"\u001b[39m\n            \u001b[33mheight\u001b[39m=\u001b[32m\"24\"\u001b[39m\n            \u001b[33mstroke\u001b[39m=\u001b[32m\"currentColor\"\u001b[39m\n            \u001b[33mstroke-linecap\u001b[39m=\u001b[32m\"round\"\u001b[39m\n            \u001b[33mstroke-linejoin\u001b[39m=\u001b[32m\"round\"\u001b[39m\n            \u001b[33mstroke-width\u001b[39m=\u001b[32m\"2\"\u001b[39m\n            \u001b[33mviewBox\u001b[39m=\u001b[32m\"0 0 24 24\"\u001b[39m\n            \u001b[33mwidth\u001b[39m=\u001b[32m\"24\"\u001b[39m\n            \u001b[33mxmlns\u001b[39m=\u001b[32m\"http://www.w3.org/2000/svg\"\u001b[39m\n          \u001b[36m>\u001b[39m\n            \u001b[36m<path\u001b[39m\n              \u001b[33md\u001b[39m=\u001b[32m\"m15 18-6-6 6-6\"\u001b[39m\n            \u001b[36m/>\u001b[39m\n          \u001b[36m</svg>\u001b[39m\n        \u001b[36m</button>\u001b[39m\n      \u001b[36m</div>\u001b[39m\n      \u001b[36m<nav\u001b[39m\n        \u001b[33mclass\u001b[39m=\u001b[32m\"flex-1 py-3 overflow-y-auto overflow-x-hidden scrollbar-none\"\u001b[39m\n      \u001b[36m>\u001b[39m\n        \u001b[36m<div\u001b[39m\n          \u001b[33mclass\u001b[39m=\u001b[32m\"px-2\"\u001b[39m\n        \u001b[36m>\u001b[39m\n          \u001b[36m<p\u001b[39m\n            \u001b[33mclass\u001b[39m=\u001b[32m\"px-2 pb-1 pt-2 text-[10px] font-semibold uppercase tracking-widest text-text-3\"\u001b[39m\n            \u001b[33mstyle\u001b[39m=\u001b[32m\"opacity: 0;\"\u001b[39m\n          \u001b[36m>\u001b[39m\n            \u001b[0mMain\u001b[0m\n          \u001b[36m</p>\u001b[39m\n          \u001b[36m<div\u001b[39m\n            \u001b[33mclass\u001b[39m=\u001b[32m\"space-y-0.5\"\u001b[39m\n          \u001b[36m>\u001b[39m\n            \u001b[36m<div\u001b[39m\n              \u001b[33mclass\u001b[39m=\u001b[32m\"relative\"\u001b[39m\n            \u001b[36m>\u001b[39m\n              \u001b[36m<a\u001b[39m\n                \u001b[33mhref\u001b[39m=\u001b[32m\"/\"\u001b[39m\n              \u001b[36m>\u001b[39m\n                \u001b[36m<span\u001b[39m\n                  \u001b[33mclass\u001b[39m=\u001b[32m\"absolute left-0 top-1/2 -translate-y-1/2 w-0.5 h-4 rounded-r-full\"\u001b[39m\n                  \u001b[33mstyle\u001b[39m=\u001b[32m\"background: rgb(99, 102, 241);\"\u001b[39m\n                \u001b[36m/>\u001b[39m\n                \u001b[36m<svg\u001b[39m\n                  \u001b[33mclass\u001b[39m=\u001b[32m\"lucide lucide-layout-dashboard flex-shrink-0 transition-colors text-primary\"\u001b[39m\n                  \u001b[33mfill\u001b[39m=\u001b[32m\"none\"\u001b[39m\n                  \u001b[33mheight\u001b[39m=\u001b[32m\"15\"\u001b[39m\n                  \u001b[33mstroke\u001b[39m=\u001b[32m\"currentColor\"\u001b[39m\n                  \u001b[33mstroke-linecap\u001b[39m=\u001b[32m\"round\"\u001b[39m\n                  \u001b[33mstroke-linejoin\u001b[39m=\u001b[32m\"round\"\u001b[39m\n                  \u001b[33mstroke-width\u001b[39m=\u001b[32m\"2.5\"\u001b[39m\n                  \u001b[33mviewBox\u001b[39m=\u001b[32m\"0 0 24 24\"\u001b[39m\n                  \u001b[33mwidth\u001b[39m=\u001b[32m\"15\"\u001b[39m\n                  \u001b[33mxmlns\u001b[39m=\u001b[32m\"http://www.w3.org/2000/svg\"\u001b[39m\n                \u001b[36m>\u001b[39m\n                  \u001b[36m<rect\u001b[39m\n                    \u001b[33mheight\u001b[39m=\u001b[32m\"9\"\u001b[39m\n                    \u001b[33mrx\u001b[39m=\u001b[32m\"1\"\u001b[39m\n                    \u001b[33mwidth\u001b[39m=\u001b[32m\"7\"\u001b[39m\n                    \u001b[33mx\u001b[39m=\u001b[32m\"3\"\u001b[39m\n                    \u001b[33my\u001b[39m=\u001b[32m\"3\"\u001b[39m\n                  \u001b[36m/>\u001b[39m\n                  \u001b[36m<rect\u001b[39m\n                    \u001b[33mheight\u001b[39m=\u001b[32m\"5\"\u001b[39m\n                    \u001b[33mrx\u001b[39m=\u001b[32m\"1\"\u001b[39m\n                    \u001b[33mwidth\u001b[39m=\u001b[32m\"7\"\u001b[39m\n                    \u001b[33mx\u001b[39m=\u001b[32m\"14\"\u001b[39m\n                    \u001b[33my\u001b[39m=\u001b[32m\"3\"\u001b[39m\n                  \u001b[36m/>\u001b[39m\n                  \u001b[36m<rect\u001b[39m\n                    \u001b[33mheight\u001b[39m=\u001b[32m\"9\"\u001b[39m\n                    \u001b[33mrx\u001b[39m=\u001b[32m\"1\"\u001b[39m\n                    \u001b[33mwidth\u001b[39m=\u001b[32m\"7\"\u001b[39m\n                    \u001b[33mx\u001b[39m=\u001b[32m\"14\"\u001b[39m\n                    \u001b[33my\u001b[39m=\u001b[32m\"12\"\u001b[39m\n                  \u001b[36m/>\u001b[39m\n                  \u001b[36m<rect\u001b[39m\n                    \u001b[33mheight\u001b[39m=\u001b[32m\"5\"\u001b[39m\n                    \u001b[...\n    at Object.getElementError (F:\\Codes\\Claude\\Adticks\\frontend\\node_modules\\@testing-library\\dom\\dist\\config.js:37:19)\n    at F:\\Codes\\Claude\\Adticks\\frontend\\node_modules\\@testing-library\\dom\\dist\\query-helpers.js:76:38\n    at F:\\Codes\\Claude\\Adticks\\frontend\\node_modules\\@testing-library\\dom\\dist\\query-helpers.js:52:17\n    at getByText (F:\\Codes\\Claude\\Adticks\\frontend\\node_modules\\@testing-library\\dom\\dist\\query-helpers.js:95:19)\n    at Object.<anonymous> (F:\\Codes\\Claude\\Adticks\\frontend\\__tests__\\components\\layout\\Sidebar.test.tsx:71:28)\n    at Promise.then.completed (F:\\Codes\\Claude\\Adticks\\frontend\\node_modules\\jest-circus\\build\\utils.js:298:28)\n    at new Promise (<anonymous>)\n    at callAsyncCircusFn (F:\\Codes\\Claude\\Adticks\\frontend\\node_modules\\jest-circus\\build\\utils.js:231:10)\n    at _callCircusTest (F:\\Codes\\Claude\\Adticks\\frontend\\node_modules\\jest-circus\\build\\run.js:316:40)\n    at async _runTest (F:\\Codes\\Claude\\Adticks\\frontend\\node_modules\\jest-circus\\build\\run.js:252:3)\n    at async _runTestsForDescribeBlock (F:\\Codes\\Claude\\Adticks\\frontend\\node_modules\\jest-circus\\build\\run.js:126:9)\n    at async _runTestsForDescribeBlock (F:\\Codes\\Claude\\Adticks\\frontend\\node_modules\\jest-circus\\build\\run.js:121:9)\n    at async run (F:\\Codes\\Claude\\Adticks\\frontend\\node_modules\\jest-circus\\build\\run.js:71:3)\n    at async runAndTransformResultsToJestFormat (F:\\Codes\\Claude\\Adticks\\frontend\\node_modules\\jest-circus\\build\\legacy-code-todo-rewrite\\jestAdapterInit.js:122:21)\n    at async jestAdapter (F:\\Codes\\Claude\\Adticks\\frontend\\node_modules\\jest-circus\\build\\legacy-code-todo-rewrite\\jestAdapter.js:79:19)\n    at async runTestInternal (F:\\Codes\\Claude\\Adticks\\frontend\\node_modules\\jest-runner\\build\\runTest.js:367:16)\n    at async runTest (F:\\Codes\\Claude\\Adticks\\frontend\\node_modules\\jest-runner\\build\\runTest.js:444:34)"],"fullName":"Sidebar calls onToggle when collapse button is clicked","invocations":1,"location":null,"numPassingAsserts":0,"retryReasons":[],"status":"failed","title":"calls onToggle when collapse button is clicked"},{"ancestorTitles":["Sidebar"],"duration":547,"failureDetails":[],"failureMessages":[],"fullName":"Sidebar nav links have accessible href attributes","invocations":1,"location":null,"numPassingAsserts":7,"retryReasons":[],"status":"passed","title":"nav links have accessible href attributes"},{"ancestorTitles":["Sidebar"],"duration":25,"failureDetails":[{"name":"TestingLibraryElementError"}],"failureMessages":["TestingLibraryElementError: Unable to find an element with the text: Trial Active. This could be because the text is broken up by multiple elements. In this case, you can provide a function for your text matcher to make your matcher more flexible.\n\nIgnored nodes: comments, script, style\n\u001b[36m<body>\u001b[39m\n  \u001b[36m<div>\u001b[39m\n    \u001b[36m<aside\u001b[39m\n      \u001b[33mclass\u001b[39m=\u001b[32m\"fixed left-0 top-0 h-screen z-40 flex flex-col overflow-hidden\"\u001b[39m\n      \u001b[33mstyle\u001b[39m=\u001b[32m\"background: rgb(14, 14, 16); border-right: 1px solid rgba(255,255,255,0.055);\"\u001b[39m\n    \u001b[36m>\u001b[39m\n      \u001b[36m<div\u001b[39m\n        \u001b[33mclass\u001b[39m=\u001b[32m\"relative flex items-center h-14 px-3.5 flex-shrink-0\"\u001b[39m\n        \u001b[33mstyle\u001b[39m=\u001b[32m\"border-bottom: 1px solid rgba(255,255,255,0.055);\"\u001b[39m\n      \u001b[36m>\u001b[39m\n        \u001b[36m<div\u001b[39m\n          \u001b[33mclass\u001b[39m=\u001b[32m\"flex items-center gap-2.5 min-w-0 flex-1\"\u001b[39m\n        \u001b[36m>\u001b[39m\n          \u001b[36m<div\u001b[39m\n            \u001b[33mclass\u001b[39m=\u001b[32m\"flex-shrink-0 w-7 h-7 rounded-lg flex items-center justify-center\"\u001b[39m\n            \u001b[33mstyle\u001b[39m=\u001b[32m\"box-shadow: 0 0 14px rgba(99,102,241,0.35);\"\u001b[39m\n          \u001b[36m>\u001b[39m\n            \u001b[36m<svg\u001b[39m\n              \u001b[33mclass\u001b[39m=\u001b[32m\"lucide lucide-chart-no-axes-column w-4 h-4 text-white\"\u001b[39m\n              \u001b[33mfill\u001b[39m=\u001b[32m\"none\"\u001b[39m\n              \u001b[33mheight\u001b[39m=\u001b[32m\"24\"\u001b[39m\n              \u001b[33mstroke\u001b[39m=\u001b[32m\"currentColor\"\u001b[39m\n              \u001b[33mstroke-linecap\u001b[39m=\u001b[32m\"round\"\u001b[39m\n              \u001b[33mstroke-linejoin\u001b[39m=\u001b[32m\"round\"\u001b[39m\n              \u001b[33mstroke-width\u001b[39m=\u001b[32m\"2.5\"\u001b[39m\n              \u001b[33mviewBox\u001b[39m=\u001b[32m\"0 0 24 24\"\u001b[39m\n              \u001b[33mwidth\u001b[39m=\u001b[32m\"24\"\u001b[39m\n              \u001b[33mxmlns\u001b[39m=\u001b[32m\"http://www.w3.org/2000/svg\"\u001b[39m\n            \u001b[36m>\u001b[39m\n              \u001b[36m<line\u001b[39m\n                \u001b[33mx1\u001b[39m=\u001b[32m\"18\"\u001b[39m\n                \u001b[33mx2\u001b[39m=\u001b[32m\"18\"\u001b[39m\n                \u001b[33my1\u001b[39m=\u001b[32m\"20\"\u001b[39m\n                \u001b[33my2\u001b[39m=\u001b[32m\"10\"\u001b[39m\n              \u001b[36m/>\u001b[39m\n              \u001b[36m<line\u001b[39m\n                \u001b[33mx1\u001b[39m=\u001b[32m\"12\"\u001b[39m\n                \u001b[33mx2\u001b[39m=\u001b[32m\"12\"\u001b[39m\n                \u001b[33my1\u001b[39m=\u001b[32m\"20\"\u001b[39m\n                \u001b[33my2\u001b[39m=\u001b[32m\"4\"\u001b[39m\n              \u001b[36m/>\u001b[39m\n              \u001b[36m<line\u001b[39m\n                \u001b[33mx1\u001b[39m=\u001b[32m\"6\"\u001b[39m\n                \u001b[33mx2\u001b[39m=\u001b[32m\"6\"\u001b[39m\n                \u001b[33my1\u001b[39m=\u001b[32m\"20\"\u001b[39m\n                \u001b[33my2\u001b[39m=\u001b[32m\"14\"\u001b[39m\n              \u001b[36m/>\u001b[39m\n            \u001b[36m</svg>\u001b[39m\n          \u001b[36m</div>\u001b[39m\n          \u001b[36m<div\u001b[39m\n            \u001b[33mclass\u001b[39m=\u001b[32m\"flex items-baseline gap-1.5 min-w-0\"\u001b[39m\n            \u001b[33mstyle\u001b[39m=\u001b[32m\"opacity: 0; transform: translateX(-6px);\"\u001b[39m\n          \u001b[36m>\u001b[39m\n            \u001b[36m<span\u001b[39m\n              \u001b[33mclass\u001b[39m=\u001b[32m\"gradient-text font-bold text-[15px] tracking-tight whitespace-nowrap\"\u001b[39m\n            \u001b[36m>\u001b[39m\n              \u001b[0mAdTicks\u001b[0m\n            \u001b[36m</span>\u001b[39m\n            \u001b[36m<span\u001b[39m\n              \u001b[33mclass\u001b[39m=\u001b[32m\"text-[9px] font-semibold px-1.5 py-0.5 rounded-full whitespace-nowrap\"\u001b[39m\n              \u001b[33mstyle\u001b[39m=\u001b[32m\"background: rgba(99, 102, 241, 0.15); color: rgb(129, 140, 248); border: 1px solid rgba(99,102,241,0.2);\"\u001b[39m\n            \u001b[36m>\u001b[39m\n              \u001b[0mBETA\u001b[0m\n            \u001b[36m</span>\u001b[39m\n          \u001b[36m</div>\u001b[39m\n        \u001b[36m</div>\u001b[39m\n        \u001b[36m<button\u001b[39m\n          \u001b[33mclass\u001b[39m=\u001b[32m\"absolute -right-3 top-1/2 -translate-y-1/2 w-6 h-6 rounded-full flex items-center justify-center z-50 hover:scale-110 transition-transform\"\u001b[39m\n          \u001b[33mstyle\u001b[39m=\u001b[32m\"background: rgb(26, 26, 30); border: 1px solid rgba(255,255,255,0.10); box-shadow: 0 2px 8px rgba(0,0,0,0.5);\"\u001b[39m\n        \u001b[36m>\u001b[39m\n          \u001b[36m<svg\u001b[39m\n            \u001b[33mclass\u001b[39m=\u001b[32m\"lucide lucide-chevron-left w-3 h-3 text-text-2\"\u001b[39m\n            \u001b[33mfill\u001b[39m=\u001b[32m\"none\"\u001b[39m\n            \u001b[33mheight\u001b[39m=\u001b[32m\"24\"\u001b[39m\n            \u001b[33mstroke\u001b[39m=\u001b[32m\"currentColor\"\u001b[39m\n            \u001b[33mstroke-linecap\u001b[39m=\u001b[32m\"round\"\u001b[39m\n            \u001b[33mstroke-linejoin\u001b[39m=\u001b[32m\"round\"\u001b[39m\n            \u001b[33mstroke-width\u001b[39m=\u001b[32m\"2\"\u001b[39m\n            \u001b[33mviewBox\u001b[39m=\u001b[32m\"0 0 24 24\"\u001b[39m\n            \u001b[33mwidth\u001b[39m=\u001b[32m\"24\"\u001b[39m\n            \u001b[33mxmlns\u001b[39m=\u001b[32m\"http://www.w3.org/2000/svg\"\u001b[39m\n          \u001b[36m>\u001b[39m\n            \u001b[36m<path\u001b[39m\n              \u001b[33md\u001b[39m=\u001b[32m\"m15 18-6-6 6-6\"\u001b[39m\n            \u001b[36m/>\u001b[39m\n          \u001b[36m</svg>\u001b[39m\n        \u001b[36m</button>\u001b[39m\n      \u001b[36m</div>\u001b[39m\n      \u001b[36m<nav\u001b[39m\n        \u001b[33mclass\u001b[39m=\u001b[32m\"flex-1 py-3 overflow-y-auto overflow-x-hidden scrollbar-none\"\u001b[39m\n      \u001b[36m>\u001b[39m\n        \u001b[36m<div\u001b[39m\n          \u001b[33mclass\u001b[39m=\u001b[32m\"px-2\"\u001b[39m\n        \u001b[36m>\u001b[39m\n          \u001b[36m<p\u001b[39m\n            \u001b[33mclass\u001b[39m=\u001b[32m\"px-2 pb-1 pt-2 text-[10px] font-semibold uppercase tracking-widest text-text-3\"\u001b[39m\n            \u001b[33mstyle\u001b[39m=\u001b[32m\"opacity: 0;\"\u001b[39m\n          \u001b[36m>\u001b[39m\n            \u001b[0mMain\u001b[0m\n          \u001b[36m</p>\u001b[39m\n          \u001b[36m<div\u001b[39m\n            \u001b[33mclass\u001b[39m=\u001b[32m\"space-y-0.5\"\u001b[39m\n          \u001b[36m>\u001b[39m\n            \u001b[36m<div\u001b[39m\n              \u001b[33mclass\u001b[39m=\u001b[32m\"relative\"\u001b[39m\n            \u001b[36m>\u001b[39m\n              \u001b[36m<a\u001b[39m\n                \u001b[33mhref\u001b[39m=\u001b[32m\"/\"\u001b[39m\n              \u001b[36m>\u001b[39m\n                \u001b[36m<span\u001b[39m\n                  \u001b[33mclass\u001b[39m=\u001b[32m\"absolute left-0 top-1/2 -translate-y-1/2 w-0.5 h-4 rounded-r-full\"\u001b[39m\n                  \u001b[33mstyle\u001b[39m=\u001b[32m\"background: rgb(99, 102, 241);\"\u001b[39m\n                \u001b[36m/>\u001b[39m\n                \u001b[36m<svg\u001b[39m\n                  \u001b[33mclass\u001b[39m=\u001b[32m\"lucide lucide-layout-dashboard flex-shrink-0 transition-colors text-primary\"\u001b[39m\n                  \u001b[33mfill\u001b[39m=\u001b[32m\"none\"\u001b[39m\n                  \u001b[33mheight\u001b[39m=\u001b[32m\"15\"\u001b[39m\n                  \u001b[33mstroke\u001b[39m=\u001b[32m\"currentColor\"\u001b[39m\n                  \u001b[33mstroke-linecap\u001b[39m=\u001b[32m\"round\"\u001b[39m\n                  \u001b[33mstroke-linejoin\u001b[39m=\u001b[32m\"round\"\u001b[39m\n                  \u001b[33mstroke-width\u001b[39m=\u001b[32m\"2.5\"\u001b[39m\n                  \u001b[33mviewBox\u001b[39m=\u001b[32m\"0 0 24 24\"\u001b[39m\n                  \u001b[33mwidth\u001b[39m=\u001b[32m\"15\"\u001b[39m\n                  \u001b[33mxmlns\u001b[39m=\u001b[32m\"http://www.w3.org/2000/svg\"\u001b[39m\n                \u001b[36m>\u001b[39m\n                  \u001b[36m<rect\u001b[39m\n                    \u001b[33mheight\u001b[39m=\u001b[32m\"9\"\u001b[39m\n                    \u001b[33mrx\u001b[39m=\u001b[32m\"1\"\u001b[39m\n                    \u001b[33mwidth\u001b[39m=\u001b[32m\"7\"\u001b[39m\n                    \u001b[33mx\u001b[39m=\u001b[32m\"3\"\u001b[39m\n                    \u001b[33my\u001b[39m=\u001b[32m\"3\"\u001b[39m\n                  \u001b[36m/>\u001b[39m\n                  \u001b[36m<rect\u001b[39m\n                    \u001b[33mheight\u001b[39m=\u001b[32m\"5\"\u001b[39m\n                    \u001b[33mrx\u001b[39m=\u001b[32m\"1\"\u001b[39m\n                    \u001b[33mwidth\u001b[39m=\u001b[32m\"7\"\u001b[39m\n                    \u001b[33mx\u001b[39m=\u001b[32m\"14\"\u001b[39m\n                    \u001b[33my\u001b[39m=\u001b[32m\"3\"\u001b[39m\n                  \u001b[36m/>\u001b[39m\n                  \u001b[36m<rect\u001b[39m\n                    \u001b[33mheight\u001b[39m=\u001b[32m\"9\"\u001b[39m\n                    \u001b[33mrx\u001b[39m=\u001b[32m\"1\"\u001b[39m\n                    \u001b[33mwidth\u001b[39m=\u001b[32m\"7\"\u001b[39m\n                    \u001b[33mx\u001b[39m=\u001b[32m\"14\"\u001b[39m\n                    \u001b[33my\u001b[39m=\u001b[32m\"12\"\u001b[39m\n                  \u001b[36m/>\u001b[39m\n                  \u001b[36m<rect\u001b[39m\n                    \u001b[33mheight\u001b[39m=\u001b[32m\"5\"\u001b[39m\n                    \u001b[...\n    at Object.getElementError (F:\\Codes\\Claude\\Adticks\\frontend\\node_modules\\@testing-library\\dom\\dist\\config.js:37:19)\n    at F:\\Codes\\Claude\\Adticks\\frontend\\node_modules\\@testing-library\\dom\\dist\\query-helpers.js:76:38\n    at F:\\Codes\\Claude\\Adticks\\frontend\\node_modules\\@testing-library\\dom\\dist\\query-helpers.js:52:17\n    at getByText (F:\\Codes\\Claude\\Adticks\\frontend\\node_modules\\@testing-library\\dom\\dist\\query-helpers.js:95:19)\n    at Object.<anonymous> (F:\\Codes\\Claude\\Adticks\\frontend\\__tests__\\components\\layout\\Sidebar.test.tsx:88:19)\n    at Promise.then.completed (F:\\Codes\\Claude\\Adticks\\frontend\\node_modules\\jest-circus\\build\\utils.js:298:28)\n    at new Promise (<anonymous>)\n    at callAsyncCircusFn (F:\\Codes\\Claude\\Adticks\\frontend\\node_modules\\jest-circus\\build\\utils.js:231:10)\n    at _callCircusTest (F:\\Codes\\Claude\\Adticks\\frontend\\node_modules\\jest-circus\\build\\run.js:316:40)\n    at async _runTest (F:\\Codes\\Claude\\Adticks\\frontend\\node_modules\\jest-circus\\build\\run.js:252:3)\n    at async _runTestsForDescribeBlock (F:\\Codes\\Claude\\Adticks\\frontend\\node_modules\\jest-circus\\build\\run.js:126:9)\n    at async _runTestsForDescribeBlock (F:\\Codes\\Claude\\Adticks\\frontend\\node_modules\\jest-circus\\build\\run.js:121:9)\n    at async run (F:\\Codes\\Claude\\Adticks\\frontend\\node_modules\\jest-circus\\build\\run.js:71:3)\n    at async runAndTransformResultsToJestFormat (F:\\Codes\\Claude\\Adticks\\frontend\\node_modules\\jest-circus\\build\\legacy-code-todo-rewrite\\jestAdapterInit.js:122:21)\n    at async jestAdapter (F:\\Codes\\Claude\\Adticks\\frontend\\node_modules\\jest-circus\\build\\legacy-code-todo-rewrite\\jestAdapter.js:79:19)\n    at async runTestInternal (F:\\Codes\\Claude\\Adticks\\frontend\\node_modules\\jest-runner\\build\\runTest.js:367:16)\n    at async runTest (F:\\Codes\\Claude\\Adticks\\frontend\\node_modules\\jest-runner\\build\\runTest.js:444:34)"],"fullName":"Sidebar shows trial badge when expanded","invocations":1,"location":null,"numPassingAsserts":0,"retryReasons":[],"status":"failed","title":"shows trial badge when expanded"},{"ancestorTitles":["Sidebar"],"duration":10,"failureDetails":[],"failureMessages":[],"fullName":"Sidebar hides trial badge when collapsed","invocations":1,"location":null,"numPassingAsserts":1,"retryReasons":[],"status":"passed","title":"hides trial badge when collapsed"},{"ancestorTitles":["Sidebar"],"duration":33,"failureDetails":[{"name":"TestingLibraryElementError"}],"failureMessages":["TestingLibraryElementError: Unable to find an element with the text: Upgrade Plan. This could be because the text is broken up by multiple elements. In this case, you can provide a function for your text matcher to make your matcher more flexible.\n\nIgnored nodes: comments, script, style\n\u001b[36m<body>\u001b[39m\n  \u001b[36m<div>\u001b[39m\n    \u001b[36m<aside\u001b[39m\n      \u001b[33mclass\u001b[39m=\u001b[32m\"fixed left-0 top-0 h-screen z-40 flex flex-col overflow-hidden\"\u001b[39m\n      \u001b[33mstyle\u001b[39m=\u001b[32m\"background: rgb(14, 14, 16); border-right: 1px solid rgba(255,255,255,0.055);\"\u001b[39m\n    \u001b[36m>\u001b[39m\n      \u001b[36m<div\u001b[39m\n        \u001b[33mclass\u001b[39m=\u001b[32m\"relative flex items-center h-14 px-3.5 flex-shrink-0\"\u001b[39m\n        \u001b[33mstyle\u001b[39m=\u001b[32m\"border-bottom: 1px solid rgba(255,255,255,0.055);\"\u001b[39m\n      \u001b[36m>\u001b[39m\n        \u001b[36m<div\u001b[39m\n          \u001b[33mclass\u001b[39m=\u001b[32m\"flex items-center gap-2.5 min-w-0 flex-1\"\u001b[39m\n        \u001b[36m>\u001b[39m\n          \u001b[36m<div\u001b[39m\n            \u001b[33mclass\u001b[39m=\u001b[32m\"flex-shrink-0 w-7 h-7 rounded-lg flex items-center justify-center\"\u001b[39m\n            \u001b[33mstyle\u001b[39m=\u001b[32m\"box-shadow: 0 0 14px rgba(99,102,241,0.35);\"\u001b[39m\n          \u001b[36m>\u001b[39m\n            \u001b[36m<svg\u001b[39m\n              \u001b[33mclass\u001b[39m=\u001b[32m\"lucide lucide-chart-no-axes-column w-4 h-4 text-white\"\u001b[39m\n              \u001b[33mfill\u001b[39m=\u001b[32m\"none\"\u001b[39m\n              \u001b[33mheight\u001b[39m=\u001b[32m\"24\"\u001b[39m\n              \u001b[33mstroke\u001b[39m=\u001b[32m\"currentColor\"\u001b[39m\n              \u001b[33mstroke-linecap\u001b[39m=\u001b[32m\"round\"\u001b[39m\n              \u001b[33mstroke-linejoin\u001b[39m=\u001b[32m\"round\"\u001b[39m\n              \u001b[33mstroke-width\u001b[39m=\u001b[32m\"2.5\"\u001b[39m\n              \u001b[33mviewBox\u001b[39m=\u001b[32m\"0 0 24 24\"\u001b[39m\n              \u001b[33mwidth\u001b[39m=\u001b[32m\"24\"\u001b[39m\n              \u001b[33mxmlns\u001b[39m=\u001b[32m\"http://www.w3.org/2000/svg\"\u001b[39m\n            \u001b[36m>\u001b[39m\n              \u001b[36m<line\u001b[39m\n                \u001b[33mx1\u001b[39m=\u001b[32m\"18\"\u001b[39m\n                \u001b[33mx2\u001b[39m=\u001b[32m\"18\"\u001b[39m\n                \u001b[33my1\u001b[39m=\u001b[32m\"20\"\u001b[39m\n                \u001b[33my2\u001b[39m=\u001b[32m\"10\"\u001b[39m\n              \u001b[36m/>\u001b[39m\n              \u001b[36m<line\u001b[39m\n                \u001b[33mx1\u001b[39m=\u001b[32m\"12\"\u001b[39m\n                \u001b[33mx2\u001b[39m=\u001b[32m\"12\"\u001b[39m\n                \u001b[33my1\u001b[39m=\u001b[32m\"20\"\u001b[39m\n                \u001b[33my2\u001b[39m=\u001b[32m\"4\"\u001b[39m\n              \u001b[36m/>\u001b[39m\n              \u001b[36m<line\u001b[39m\n                \u001b[33mx1\u001b[39m=\u001b[32m\"6\"\u001b[39m\n                \u001b[33mx2\u001b[39m=\u001b[32m\"6\"\u001b[39m\n                \u001b[33my1\u001b[39m=\u001b[32m\"20\"\u001b[39m\n                \u001b[33my2\u001b[39m=\u001b[32m\"14\"\u001b[39m\n              \u001b[36m/>\u001b[39m\n            \u001b[36m</svg>\u001b[39m\n          \u001b[36m</div>\u001b[39m\n          \u001b[36m<div\u001b[39m\n            \u001b[33mclass\u001b[39m=\u001b[32m\"flex items-baseline gap-1.5 min-w-0\"\u001b[39m\n            \u001b[33mstyle\u001b[39m=\u001b[32m\"opacity: 0; transform: translateX(-6px);\"\u001b[39m\n          \u001b[36m>\u001b[39m\n            \u001b[36m<span\u001b[39m\n              \u001b[33mclass\u001b[39m=\u001b[32m\"gradient-text font-bold text-[15px] tracking-tight whitespace-nowrap\"\u001b[39m\n            \u001b[36m>\u001b[39m\n              \u001b[0mAdTicks\u001b[0m\n            \u001b[36m</span>\u001b[39m\n            \u001b[36m<span\u001b[39m\n              \u001b[33mclass\u001b[39m=\u001b[32m\"text-[9px] font-semibold px-1.5 py-0.5 rounded-full whitespace-nowrap\"\u001b[39m\n              \u001b[33mstyle\u001b[39m=\u001b[32m\"background: rgba(99, 102, 241, 0.15); color: rgb(129, 140, 248); border: 1px solid rgba(99,102,241,0.2);\"\u001b[39m\n            \u001b[36m>\u001b[39m\n              \u001b[0mBETA\u001b[0m\n            \u001b[36m</span>\u001b[39m\n          \u001b[36m</div>\u001b[39m\n        \u001b[36m</div>\u001b[39m\n        \u001b[36m<button\u001b[39m\n          \u001b[33mclass\u001b[39m=\u001b[32m\"absolute -right-3 top-1/2 -translate-y-1/2 w-6 h-6 rounded-full flex items-center justify-center z-50 hover:scale-110 transition-transform\"\u001b[39m\n          \u001b[33mstyle\u001b[39m=\u001b[32m\"background: rgb(26, 26, 30); border: 1px solid rgba(255,255,255,0.10); box-shadow: 0 2px 8px rgba(0,0,0,0.5);\"\u001b[39m\n        \u001b[36m>\u001b[39m\n          \u001b[36m<svg\u001b[39m\n            \u001b[33mclass\u001b[39m=\u001b[32m\"lucide lucide-chevron-left w-3 h-3 text-text-2\"\u001b[39m\n            \u001b[33mfill\u001b[39m=\u001b[32m\"none\"\u001b[39m\n            \u001b[33mheight\u001b[39m=\u001b[32m\"24\"\u001b[39m\n            \u001b[33mstroke\u001b[39m=\u001b[32m\"currentColor\"\u001b[39m\n            \u001b[33mstroke-linecap\u001b[39m=\u001b[32m\"round\"\u001b[39m\n            \u001b[33mstroke-linejoin\u001b[39m=\u001b[32m\"round\"\u001b[39m\n            \u001b[33mstroke-width\u001b[39m=\u001b[32m\"2\"\u001b[39m\n            \u001b[33mviewBox\u001b[39m=\u001b[32m\"0 0 24 24\"\u001b[39m\n            \u001b[33mwidth\u001b[39m=\u001b[32m\"24\"\u001b[39m\n            \u001b[33mxmlns\u001b[39m=\u001b[32m\"http://www.w3.org/2000/svg\"\u001b[39m\n          \u001b[36m>\u001b[39m\n            \u001b[36m<path\u001b[39m\n              \u001b[33md\u001b[39m=\u001b[32m\"m15 18-6-6 6-6\"\u001b[39m\n            \u001b[36m/>\u001b[39m\n          \u001b[36m</svg>\u001b[39m\n        \u001b[36m</button>\u001b[39m\n      \u001b[36m</div>\u001b[39m\n      \u001b[36m<nav\u001b[39m\n        \u001b[33mclass\u001b[39m=\u001b[32m\"flex-1 py-3 overflow-y-auto overflow-x-hidden scrollbar-none\"\u001b[39m\n      \u001b[36m>\u001b[39m\n        \u001b[36m<div\u001b[39m\n          \u001b[33mclass\u001b[39m=\u001b[32m\"px-2\"\u001b[39m\n        \u001b[36m>\u001b[39m\n          \u001b[36m<p\u001b[39m\n            \u001b[33mclass\u001b[39m=\u001b[32m\"px-2 pb-1 pt-2 text-[10px] font-semibold uppercase tracking-widest text-text-3\"\u001b[39m\n            \u001b[33mstyle\u001b[39m=\u001b[32m\"opacity: 0;\"\u001b[39m\n          \u001b[36m>\u001b[39m\n            \u001b[0mMain\u001b[0m\n          \u001b[36m</p>\u001b[39m\n          \u001b[36m<div\u001b[39m\n            \u001b[33mclass\u001b[39m=\u001b[32m\"space-y-0.5\"\u001b[39m\n          \u001b[36m>\u001b[39m\n            \u001b[36m<div\u001b[39m\n              \u001b[33mclass\u001b[39m=\u001b[32m\"relative\"\u001b[39m\n            \u001b[36m>\u001b[39m\n              \u001b[36m<a\u001b[39m\n                \u001b[33mhref\u001b[39m=\u001b[32m\"/\"\u001b[39m\n              \u001b[36m>\u001b[39m\n                \u001b[36m<span\u001b[39m\n                  \u001b[33mclass\u001b[39m=\u001b[32m\"absolute left-0 top-1/2 -translate-y-1/2 w-0.5 h-4 rounded-r-full\"\u001b[39m\n                  \u001b[33mstyle\u001b[39m=\u001b[32m\"background: rgb(99, 102, 241);\"\u001b[39m\n                \u001b[36m/>\u001b[39m\n                \u001b[36m<svg\u001b[39m\n                  \u001b[33mclass\u001b[39m=\u001b[32m\"lucide lucide-layout-dashboard flex-shrink-0 transition-colors text-primary\"\u001b[39m\n                  \u001b[33mfill\u001b[39m=\u001b[32m\"none\"\u001b[39m\n                  \u001b[33mheight\u001b[39m=\u001b[32m\"15\"\u001b[39m\n                  \u001b[33mstroke\u001b[39m=\u001b[32m\"currentColor\"\u001b[39m\n                  \u001b[33mstroke-linecap\u001b[39m=\u001b[32m\"round\"\u001b[39m\n                  \u001b[33mstroke-linejoin\u001b[39m=\u001b[32m\"round\"\u001b[39m\n                  \u001b[33mstroke-width\u001b[39m=\u001b[32m\"2.5\"\u001b[39m\n                  \u001b[33mviewBox\u001b[39m=\u001b[32m\"0 0 24 24\"\u001b[39m\n                  \u001b[33mwidth\u001b[39m=\u001b[32m\"15\"\u001b[39m\n                  \u001b[33mxmlns\u001b[39m=\u001b[32m\"http://www.w3.org/2000/svg\"\u001b[39m\n                \u001b[36m>\u001b[39m\n                  \u001b[36m<rect\u001b[39m\n                    \u001b[33mheight\u001b[39m=\u001b[32m\"9\"\u001b[39m\n                    \u001b[33mrx\u001b[39m=\u001b[32m\"1\"\u001b[39m\n                    \u001b[33mwidth\u001b[39m=\u001b[32m\"7\"\u001b[39m\n                    \u001b[33mx\u001b[39m=\u001b[32m\"3\"\u001b[39m\n                    \u001b[33my\u001b[39m=\u001b[32m\"3\"\u001b[39m\n                  \u001b[36m/>\u001b[39m\n                  \u001b[36m<rect\u001b[39m\n                    \u001b[33mheight\u001b[39m=\u001b[32m\"5\"\u001b[39m\n                    \u001b[33mrx\u001b[39m=\u001b[32m\"1\"\u001b[39m\n                    \u001b[33mwidth\u001b[39m=\u001b[32m\"7\"\u001b[39m\n                    \u001b[33mx\u001b[39m=\u001b[32m\"14\"\u001b[39m\n                    \u001b[33my\u001b[39m=\u001b[32m\"3\"\u001b[39m\n                  \u001b[36m/>\u001b[39m\n                  \u001b[36m<rect\u001b[39m\n                    \u001b[33mheight\u001b[39m=\u001b[32m\"9\"\u001b[39m\n                    \u001b[33mrx\u001b[39m=\u001b[32m\"1\"\u001b[39m\n                    \u001b[33mwidth\u001b[39m=\u001b[32m\"7\"\u001b[39m\n                    \u001b[33mx\u001b[39m=\u001b[32m\"14\"\u001b[39m\n                    \u001b[33my\u001b[39m=\u001b[32m\"12\"\u001b[39m\n                  \u001b[36m/>\u001b[39m\n                  \u001b[36m<rect\u001b[39m\n                    \u001b[33mheight\u001b[39m=\u001b[32m\"5\"\u001b[39m\n                    \u001b[...\n    at Object.getElementError (F:\\Codes\\Claude\\Adticks\\frontend\\node_modules\\@testing-library\\dom\\dist\\config.js:37:19)\n    at F:\\Codes\\Claude\\Adticks\\frontend\\node_modules\\@testing-library\\dom\\dist\\query-helpers.js:76:38\n    at F:\\Codes\\Claude\\Adticks\\frontend\\node_modules\\@testing-library\\dom\\dist\\query-helpers.js:52:17\n    at getByText (F:\\Codes\\Claude\\Adticks\\frontend\\node_modules\\@testing-library\\dom\\dist\\query-helpers.js:95:19)\n    at Object.<anonymous> (F:\\Codes\\Claude\\Adticks\\frontend\\__tests__\\components\\layout\\Sidebar.test.tsx:98:19)\n    at Promise.then.completed (F:\\Codes\\Claude\\Adticks\\frontend\\node_modules\\jest-circus\\build\\utils.js:298:28)\n    at new Promise (<anonymous>)\n    at callAsyncCircusFn (F:\\Codes\\Claude\\Adticks\\frontend\\node_modules\\jest-circus\\build\\utils.js:231:10)\n    at _callCircusTest (F:\\Codes\\Claude\\Adticks\\frontend\\node_modules\\jest-circus\\build\\run.js:316:40)\n    at async _runTest (F:\\Codes\\Claude\\Adticks\\frontend\\node_modules\\jest-circus\\build\\run.js:252:3)\n    at async _runTestsForDescribeBlock (F:\\Codes\\Claude\\Adticks\\frontend\\node_modules\\jest-circus\\build\\run.js:126:9)\n    at async _runTestsForDescribeBlock (F:\\Codes\\Claude\\Adticks\\frontend\\node_modules\\jest-circus\\build\\run.js:121:9)\n    at async run (F:\\Codes\\Claude\\Adticks\\frontend\\node_modules\\jest-circus\\build\\run.js:71:3)\n    at async runAndTransformResultsToJestFormat (F:\\Codes\\Claude\\Adticks\\frontend\\node_modules\\jest-circus\\build\\legacy-code-todo-rewrite\\jestAdapterInit.js:122:21)\n    at async jestAdapter (F:\\Codes\\Claude\\Adticks\\frontend\\node_modules\\jest-circus\\build\\legacy-code-todo-rewrite\\jestAdapter.js:79:19)\n    at async runTestInternal (F:\\Codes\\Claude\\Adticks\\frontend\\node_modules\\jest-runner\\build\\runTest.js:367:16)\n    at async runTest (F:\\Codes\\Claude\\Adticks\\frontend\\node_modules\\jest-runner\\build\\runTest.js:444:34)"],"fullName":"Sidebar renders 'Upgrade Plan' button when expanded","invocations":1,"location":null,"numPassingAsserts":0,"retryReasons":[],"status":"failed","title":"renders 'Upgrade Plan' button when expanded"},{"ancestorTitles":["Sidebar"],"duration":25,"failureDetails":[{"matcherResult":{"message":"\u001b[2mexpect(\u001b[22m\u001b[31mreceived\u001b[39m\u001b[2m).\u001b[22mtoBeTruthy\u001b[2m()\u001b[22m\n\nReceived: \u001b[31mundefined\u001b[39m","pass":false}}],"failureMessages":["Error: \u001b[2mexpect(\u001b[22m\u001b[31mreceived\u001b[39m\u001b[2m).\u001b[22mtoBeTruthy\u001b[2m()\u001b[22m\n\nReceived: \u001b[31mundefined\u001b[39m\n    at Object.<anonymous> (F:\\Codes\\Claude\\Adticks\\frontend\\__tests__\\components\\layout\\Sidebar.test.tsx:106:26)\n    at Promise.then.completed (F:\\Codes\\Claude\\Adticks\\frontend\\node_modules\\jest-circus\\build\\utils.js:298:28)\n    at new Promise (<anonymous>)\n    at callAsyncCircusFn (F:\\Codes\\Claude\\Adticks\\frontend\\node_modules\\jest-circus\\build\\utils.js:231:10)\n    at _callCircusTest (F:\\Codes\\Claude\\Adticks\\frontend\\node_modules\\jest-circus\\build\\run.js:316:40)\n    at async _runTest (F:\\Codes\\Claude\\Adticks\\frontend\\node_modules\\jest-circus\\build\\run.js:252:3)\n    at async _runTestsForDescribeBlock (F:\\Codes\\Claude\\Adticks\\frontend\\node_modules\\jest-circus\\build\\run.js:126:9)\n    at async _runTestsForDescribeBlock (F:\\Codes\\Claude\\Adticks\\frontend\\node_modules\\jest-circus\\build\\run.js:121:9)\n    at async run (F:\\Codes\\Claude\\Adticks\\frontend\\node_modules\\jest-circus\\build\\run.js:71:3)\n    at async runAndTransformResultsToJestFormat (F:\\Codes\\Claude\\Adticks\\frontend\\node_modules\\jest-circus\\build\\legacy-code-todo-rewrite\\jestAdapterInit.js:122:21)\n    at async jestAdapter (F:\\Codes\\Claude\\Adticks\\frontend\\node_modules\\jest-circus\\build\\legacy-code-todo-rewrite\\jestAdapter.js:79:19)\n    at async runTestInternal (F:\\Codes\\Claude\\Adticks\\frontend\\node_modules\\jest-runner\\build\\runTest.js:367:16)\n    at async runTest (F:\\Codes\\Claude\\Adticks\\frontend\\node_modules\\jest-runner\\build\\runTest.js:444:34)"],"fullName":"Sidebar uses title attributes on nav links when collapsed for accessibility","invocations":1,"location":null,"numPassingAsserts":0,"retryReasons":[],"status":"failed","title":"uses title attributes on nav links when collapsed for accessibility"},{"ancestorTitles":["Sidebar"],"duration":106,"failureDetails":[],"failureMessages":[],"fullName":"Sidebar active route '/' highlights Overview link","invocations":1,"location":null,"numPassingAsserts":1,"retryReasons":[],"status":"passed","title":"active route '/' highlights Overview link"}],"endTime":1776749617471,"message":"\u001b[1m\u001b[31m  \u001b[1m● \u001b[22m\u001b[1mSidebar › renders Collapse toggle button\u001b[39m\u001b[22m\n\n    TestingLibraryElementError: Unable to find an element with the text: Collapse. This could be because the text is broken up by multiple elements. In this case, you can provide a function for your text matcher to make your matcher more flexible.\n\n    Ignored nodes: comments, script, style\n    \u001b[36m<body>\u001b[39m\n      \u001b[36m<div>\u001b[39m\n        \u001b[36m<aside\u001b[39m\n          \u001b[33mclass\u001b[39m=\u001b[32m\"fixed left-0 top-0 h-screen z-40 flex flex-col overflow-hidden\"\u001b[39m\n          \u001b[33mstyle\u001b[39m=\u001b[32m\"background: rgb(14, 14, 16); border-right: 1px solid rgba(255,255,255,0.055);\"\u001b[39m\n        \u001b[36m>\u001b[39m\n          \u001b[36m<div\u001b[39m\n            \u001b[33mclass\u001b[39m=\u001b[32m\"relative flex items-center h-14 px-3.5 flex-shrink-0\"\u001b[39m\n            \u001b[33mstyle\u001b[39m=\u001b[32m\"border-bottom: 1px solid rgba(255,255,255,0.055);\"\u001b[39m\n          \u001b[36m>\u001b[39m\n            \u001b[36m<div\u001b[39m\n              \u001b[33mclass\u001b[39m=\u001b[32m\"flex items-center gap-2.5 min-w-0 flex-1\"\u001b[39m\n            \u001b[36m>\u001b[39m\n              \u001b[36m<div\u001b[39m\n                \u001b[33mclass\u001b[39m=\u001b[32m\"flex-shrink-0 w-7 h-7 rounded-lg flex items-center justify-center\"\u001b[39m\n                \u001b[33mstyle\u001b[39m=\u001b[32m\"box-shadow: 0 0 14px rgba(99,102,241,0.35);\"\u001b[39m\n              \u001b[36m>\u001b[39m\n                \u001b[36m<svg\u001b[39m\n                  \u001b[33mclass\u001b[39m=\u001b[32m\"lucide lucide-chart-no-axes-column w-4 h-4 text-white\"\u001b[39m\n                  \u001b[33mfill\u001b[39m=\u001b[32m\"none\"\u001b[39m\n                  \u001b[33mheight\u001b[39m=\u001b[32m\"24\"\u001b[39m\n                  \u001b[33mstroke\u001b[39m=\u001b[32m\"currentColor\"\u001b[39m\n                  \u001b[33mstroke-linecap\u001b[39m=\u001b[32m\"round\"\u001b[39m\n                  \u001b[33mstroke-linejoin\u001b[39m=\u001b[32m\"round\"\u001b[39m\n                  \u001b[33mstroke-width\u001b[39m=\u001b[32m\"2.5\"\u001b[39m\n                  \u001b[33mviewBox\u001b[39m=\u001b[32m\"0 0 24 24\"\u001b[39m\n                  \u001b[33mwidth\u001b[39m=\u001b[32m\"24\"\u001b[39m\n                  \u001b[33mxmlns\u001b[39m=\u001b[32m\"http://www.w3.org/2000/svg\"\u001b[39m\n                \u001b[36m>\u001b[39m\n                  \u001b[36m<line\u001b[39m\n                    \u001b[33mx1\u001b[39m=\u001b[32m\"18\"\u001b[39m\n                    \u001b[33mx2\u001b[39m=\u001b[32m\"18\"\u001b[39m\n                    \u001b[33my1\u001b[39m=\u001b[32m\"20\"\u001b[39m\n                    \u001b[33my2\u001b[39m=\u001b[32m\"10\"\u001b[39m\n                  \u001b[36m/>\u001b[39m\n                  \u001b[36m<line\u001b[39m\n                    \u001b[33mx1\u001b[39m=\u001b[32m\"12\"\u001b[39m\n                    \u001b[33mx2\u001b[39m=\u001b[32m\"12\"\u001b[39m\n                    \u001b[33my1\u001b[39m=\u001b[32m\"20\"\u001b[39m\n                    \u001b[33my2\u001b[39m=\u001b[32m\"4\"\u001b[39m\n                  \u001b[36m/>\u001b[39m\n                  \u001b[36m<line\u001b[39m\n                    \u001b[33mx1\u001b[39m=\u001b[32m\"6\"\u001b[39m\n                    \u001b[33mx2\u001b[39m=\u001b[32m\"6\"\u001b[39m\n                    \u001b[33my1\u001b[39m=\u001b[32m\"20\"\u001b[39m\n                    \u001b[33my2\u001b[39m=\u001b[32m\"14\"\u001b[39m\n                  \u001b[36m/>\u001b[39m\n                \u001b[36m</svg>\u001b[39m\n              \u001b[36m</div>\u001b[39m\n              \u001b[36m<div\u001b[39m\n                \u001b[33mclass\u001b[39m=\u001b[32m\"flex items-baseline gap-1.5 min-w-0\"\u001b[39m\n                \u001b[33mstyle\u001b[39m=\u001b[32m\"opacity: 0; transform: translateX(-6px);\"\u001b[39m\n              \u001b[36m>\u001b[39m\n                \u001b[36m<span\u001b[39m\n                  \u001b[33mclass\u001b[39m=\u001b[32m\"gradient-text font-bold text-[15px] tracking-tight whitespace-nowrap\"\u001b[39m\n                \u001b[36m>\u001b[39m\n                  \u001b[0mAdTicks\u001b[0m\n                \u001b[36m</span>\u001b[39m\n                \u001b[36m<span\u001b[39m\n                  \u001b[33mclass\u001b[39m=\u001b[32m\"text-[9px] font-semibold px-1.5 py-0.5 rounded-full whitespace-nowrap\"\u001b[39m\n                  \u001b[33mstyle\u001b[39m=\u001b[32m\"background: rgba(99, 102, 241, 0.15); color: rgb(129, 140, 248); border: 1px solid rgba(99,102,241,0.2);\"\u001b[39m\n                \u001b[36m>\u001b[39m\n                  \u001b[0mBETA\u001b[0m\n                \u001b[36m</span>\u001b[39m\n              \u001b[36m</div>\u001b[39m\n            \u001b[36m</div>\u001b[39m\n            \u001b[36m<button\u001b[39m\n              \u001b[33mclass\u001b[39m=\u001b[32m\"absolute -right-3 top-1/2 -translate-y-1/2 w-6 h-6 rounded-full flex items-center justify-center z-50 hover:scale-110 transition-transform\"\u001b[39m\n              \u001b[33mstyle\u001b[39m=\u001b[32m\"background: rgb(26, 26, 30); border: 1px solid rgba(255,255,255,0.10); box-shadow: 0 2px 8px rgba(0,0,0,0.5);\"\u001b[39m\n            \u001b[36m>\u001b[39m\n              \u001b[36m<svg\u001b[39m\n                \u001b[33mclass\u001b[39m=\u001b[32m\"lucide lucide-chevron-left w-3 h-3 text-text-2\"\u001b[39m\n                \u001b[33mfill\u001b[39m=\u001b[32m\"none\"\u001b[39m\n                \u001b[33mheight\u001b[39m=\u001b[32m\"24\"\u001b[39m\n                \u001b[33mstroke\u001b[39m=\u001b[32m\"currentColor\"\u001b[39m\n                \u001b[33mstroke-linecap\u001b[39m=\u001b[32m\"round\"\u001b[39m\n                \u001b[33mstroke-linejoin\u001b[39m=\u001b[32m\"round\"\u001b[39m\n                \u001b[33mstroke-width\u001b[39m=\u001b[32m\"2\"\u001b[39m\n                \u001b[33mviewBox\u001b[39m=\u001b[32m\"0 0 24 24\"\u001b[39m\n                \u001b[33mwidth\u001b[39m=\u001b[32m\"24\"\u001b[39m\n                \u001b[33mxmlns\u001b[39m=\u001b[32m\"http://www.w3.org/2000/svg\"\u001b[39m\n              \u001b[36m>\u001b[39m\n                \u001b[36m<path\u001b[39m\n                  \u001b[33md\u001b[39m=\u001b[32m\"m15 18-6-6 6-6\"\u001b[39m\n                \u001b[36m/>\u001b[39m\n              \u001b[36m</svg>\u001b[39m\n            \u001b[36m</button>\u001b[39m\n          \u001b[36m</div>\u001b[39m\n          \u001b[36m<nav\u001b[39m\n            \u001b[33mclass\u001b[39m=\u001b[32m\"flex-1 py-3 overflow-y-auto overflow-x-hidden scrollbar-none\"\u001b[39m\n          \u001b[36m>\u001b[39m\n            \u001b[36m<div\u001b[39m\n              \u001b[33mclass\u001b[39m=\u001b[32m\"px-2\"\u001b[39m\n            \u001b[36m>\u001b[39m\n              \u001b[36m<p\u001b[39m\n                \u001b[33mclass\u001b[39m=\u001b[32m\"px-2 pb-1 pt-2 text-[10px] font-semibold uppercase tracking-widest text-text-3\"\u001b[39m\n                \u001b[33mstyle\u001b[39m=\u001b[32m\"opacity: 0;\"\u001b[39m\n              \u001b[36m>\u001b[39m\n                \u001b[0mMain\u001b[0m\n              \u001b[36m</p>\u001b[39m\n              \u001b[36m<div\u001b[39m\n                \u001b[33mclass\u001b[39m=\u001b[32m\"space-y-0.5\"\u001b[39m\n              \u001b[36m>\u001b[39m\n                \u001b[36m<div\u001b[39m\n                  \u001b[33mclass\u001b[39m=\u001b[32m\"relative\"\u001b[39m\n                \u001b[36m>\u001b[39m\n                  \u001b[36m<a\u001b[39m\n                    \u001b[33mhref\u001b[39m=\u001b[32m\"/\"\u001b[39m\n                  \u001b[36m>\u001b[39m\n                    \u001b[36m<span\u001b[39m\n                      \u001b[33mclass\u001b[39m=\u001b[32m\"absolute left-0 top-1/2 -translate-y-1/2 w-0.5 h-4 rounded-r-full\"\u001b[39m\n                      \u001b[33mstyle\u001b[39m=\u001b[32m\"background: rgb(99, 102, 241);\"\u001b[39m\n                    \u001b[36m/>\u001b[39m\n                    \u001b[36m<svg\u001b[39m\n                      \u001b[33mclass\u001b[39m=\u001b[32m\"lucide lucide-layout-dashboard flex-shrink-0 transition-colors text-primary\"\u001b[39m\n                      \u001b[33mfill\u001b[39m=\u001b[32m\"none\"\u001b[39m\n                      \u001b[33mheight\u001b[39m=\u001b[32m\"15\"\u001b[39m\n                      \u001b[33mstroke\u001b[39m=\u001b[32m\"currentColor\"\u001b[39m\n                      \u001b[33mstroke-linecap\u001b[39m=\u001b[32m\"round\"\u001b[39m\n                      \u001b[33mstroke-linejoin\u001b[39m=\u001b[32m\"round\"\u001b[39m\n                      \u001b[33mstroke-width\u001b[39m=\u001b[32m\"2.5\"\u001b[39m\n                      \u001b[33mviewBox\u001b[39m=\u001b[32m\"0 0 24 24\"\u001b[39m\n                      \u001b[33mwidth\u001b[39m=\u001b[32m\"15\"\u001b[39m\n                      \u001b[33mxmlns\u001b[39m=\u001b[32m\"http://www.w3.org/2000/svg\"\u001b[39m\n                    \u001b[36m>\u001b[39m\n                      \u001b[36m<rect\u001b[39m\n                        \u001b[33mheight\u001b[39m=\u001b[32m\"9\"\u001b[39m\n                        \u001b[33mrx\u001b[39m=\u001b[32m\"1\"\u001b[39m\n                        \u001b[33mwidth\u001b[39m=\u001b[32m\"7\"\u001b[39m\n                        \u001b[33mx\u001b[39m=\u001b[32m\"3\"\u001b[39m\n                        \u001b[33my\u001b[39m=\u001b[32m\"3\"\u001b[39m\n                      \u001b[36m/>\u001b[39m\n                      \u001b[36m<rect\u001b[39m\n                        \u001b[33mheight\u001b[39m=\u001b[32m\"5\"\u001b[39m\n                        \u001b[33mrx\u001b[39m=\u001b[32m\"1\"\u001b[39m\n                        \u001b[33mwidth\u001b[39m=\u001b[32m\"7\"\u001b[39m\n                        \u001b[33mx\u001b[39m=\u001b[32m\"14\"\u001b[39m\n                        \u001b[33my\u001b[39m=\u001b[32m\"3\"\u001b[39m\n                      \u001b[36m/>\u001b[39m\n                      \u001b[36m<rect\u001b[39m\n                        \u001b[33mheight\u001b[39m=\u001b[32m\"9\"\u001b[39m\n                        \u001b[33mrx\u001b[39m=\u001b[32m\"1\"\u001b[39m\n                        \u001b[33mwidth\u001b[39m=\u001b[32m\"7\"\u001b[39m\n                        \u001b[33mx\u001b[39m=\u001b[32m\"14\"\u001b[39m\n                        \u001b[33my\u001b[39m=\u001b[32m\"12\"\u001b[39m\n                      \u001b[36m/>\u001b[39m\n                      \u001b[36m<rect\u001b[39m\n                        \u001b[33mheight\u001b[39m=\u001b[32m\"5\"\u001b[39m\n                        \u001b[...\n\u001b[2m\u001b[22m\n\u001b[2m    \u001b[0m \u001b[90m 63 |\u001b[39m   it(\u001b[32m\"renders Collapse toggle button\"\u001b[39m\u001b[33m,\u001b[39m () \u001b[33m=>\u001b[39m {\u001b[22m\n\u001b[2m     \u001b[90m 64 |\u001b[39m     render(\u001b[33m<\u001b[39m\u001b[33mSidebar\u001b[39m collapsed\u001b[33m=\u001b[39m{\u001b[36mfalse\u001b[39m} onToggle\u001b[33m=\u001b[39m{jest\u001b[33m.\u001b[39mfn()} \u001b[33m/\u001b[39m\u001b[33m>\u001b[39m)\u001b[33m;\u001b[39m\u001b[22m\n\u001b[2m    \u001b[31m\u001b[1m>\u001b[22m\u001b[2m\u001b[39m\u001b[90m 65 |\u001b[39m     expect(screen\u001b[33m.\u001b[39mgetByText(\u001b[32m\"Collapse\"\u001b[39m))\u001b[33m.\u001b[39mtoBeInTheDocument()\u001b[33m;\u001b[39m\u001b[22m\n\u001b[2m     \u001b[90m    |\u001b[39m                   \u001b[31m\u001b[1m^\u001b[22m\u001b[2m\u001b[39m\u001b[22m\n\u001b[2m     \u001b[90m 66 |\u001b[39m   })\u001b[33m;\u001b[39m\u001b[22m\n\u001b[2m     \u001b[90m 67 |\u001b[39m\u001b[22m\n\u001b[2m     \u001b[90m 68 |\u001b[39m   it(\u001b[32m\"calls onToggle when collapse button is clicked\"\u001b[39m\u001b[33m,\u001b[39m () \u001b[33m=>\u001b[39m {\u001b[0m\u001b[22m\n\u001b[2m\u001b[22m\n\u001b[2m      \u001b[2mat Object.getElementError (\u001b[22m\u001b[2mnode_modules/@testing-library/dom/dist/config.js\u001b[2m:37:19)\u001b[22m\u001b[2m\u001b[22m\n\u001b[2m      \u001b[2mat \u001b[22m\u001b[2mnode_modules/@testing-library/dom/dist/query-helpers.js\u001b[2m:76:38\u001b[22m\u001b[2m\u001b[22m\n\u001b[2m      \u001b[2mat \u001b[22m\u001b[2mnode_modules/@testing-library/dom/dist/query-helpers.js\u001b[2m:52:17\u001b[22m\u001b[2m\u001b[22m\n\u001b[2m      \u001b[2mat getByText (\u001b[22m\u001b[2mnode_modules/@testing-library/dom/dist/query-helpers.js\u001b[2m:95:19)\u001b[22m\u001b[2m\u001b[22m\n\u001b[2m      \u001b[2mat Object.<anonymous> (\u001b[22m\u001b[2m\u001b[0m\u001b[36m__tests__/components/layout/Sidebar.test.tsx\u001b[39m\u001b[0m\u001b[2m:65:19)\u001b[22m\u001b[2m\u001b[22m\n\n\u001b[1m\u001b[31m  \u001b[1m● \u001b[22m\u001b[1mSidebar › calls onToggle when collapse button is clicked\u001b[39m\u001b[22m\n\n    TestingLibraryElementError: Unable to find an element with the text: Collapse. This could be because the text is broken up by multiple elements. In this case, you can provide a function for your text matcher to make your matcher more flexible.\n\n    Ignored nodes: comments, script, style\n    \u001b[36m<body>\u001b[39m\n      \u001b[36m<div>\u001b[39m\n        \u001b[36m<aside\u001b[39m\n          \u001b[33mclass\u001b[39m=\u001b[32m\"fixed left-0 top-0 h-screen z-40 flex flex-col overflow-hidden\"\u001b[39m\n          \u001b[33mstyle\u001b[39m=\u001b[32m\"background: rgb(14, 14, 16); border-right: 1px solid rgba(255,255,255,0.055);\"\u001b[39m\n        \u001b[36m>\u001b[39m\n          \u001b[36m<div\u001b[39m\n            \u001b[33mclass\u001b[39m=\u001b[32m\"relative flex items-center h-14 px-3.5 flex-shrink-0\"\u001b[39m\n            \u001b[33mstyle\u001b[39m=\u001b[32m\"border-bottom: 1px solid rgba(255,255,255,0.055);\"\u001b[39m\n          \u001b[36m>\u001b[39m\n            \u001b[36m<div\u001b[39m\n              \u001b[33mclass\u001b[39m=\u001b[32m\"flex items-center gap-2.5 min-w-0 flex-1\"\u001b[39m\n            \u001b[36m>\u001b[39m\n              \u001b[36m<div\u001b[39m\n                \u001b[33mclass\u001b[39m=\u001b[32m\"flex-shrink-0 w-7 h-7 rounded-lg flex items-center justify-center\"\u001b[39m\n                \u001b[33mstyle\u001b[39m=\u001b[32m\"box-shadow: 0 0 14px rgba(99,102,241,0.35);\"\u001b[39m\n              \u001b[36m>\u001b[39m\n                \u001b[36m<svg\u001b[39m\n                  \u001b[33mclass\u001b[39m=\u001b[32m\"lucide lucide-chart-no-axes-column w-4 h-4 text-white\"\u001b[39m\n                  \u001b[33mfill\u001b[39m=\u001b[32m\"none\"\u001b[39m\n                  \u001b[33mheight\u001b[39m=\u001b[32m\"24\"\u001b[39m\n                  \u001b[33mstroke\u001b[39m=\u001b[32m\"currentColor\"\u001b[39m\n                  \u001b[33mstroke-linecap\u001b[39m=\u001b[32m\"round\"\u001b[39m\n                  \u001b[33mstroke-linejoin\u001b[39m=\u001b[32m\"round\"\u001b[39m\n                  \u001b[33mstroke-width\u001b[39m=\u001b[32m\"2.5\"\u001b[39m\n                  \u001b[33mviewBox\u001b[39m=\u001b[32m\"0 0 24 24\"\u001b[39m\n                  \u001b[33mwidth\u001b[39m=\u001b[32m\"24\"\u001b[39m\n                  \u001b[33mxmlns\u001b[39m=\u001b[32m\"http://www.w3.org/2000/svg\"\u001b[39m\n                \u001b[36m>\u001b[39m\n                  \u001b[36m<line\u001b[39m\n                    \u001b[33mx1\u001b[39m=\u001b[32m\"18\"\u001b[39m\n                    \u001b[33mx2\u001b[39m=\u001b[32m\"18\"\u001b[39m\n                    \u001b[33my1\u001b[39m=\u001b[32m\"20\"\u001b[39m\n                    \u001b[33my2\u001b[39m=\u001b[32m\"10\"\u001b[39m\n                  \u001b[36m/>\u001b[39m\n                  \u001b[36m<line\u001b[39m\n                    \u001b[33mx1\u001b[39m=\u001b[32m\"12\"\u001b[39m\n                    \u001b[33mx2\u001b[39m=\u001b[32m\"12\"\u001b[39m\n                    \u001b[33my1\u001b[39m=\u001b[32m\"20\"\u001b[39m\n                    \u001b[33my2\u001b[39m=\u001b[32m\"4\"\u001b[39m\n                  \u001b[36m/>\u001b[39m\n                  \u001b[36m<line\u001b[39m\n                    \u001b[33mx1\u001b[39m=\u001b[32m\"6\"\u001b[39m\n                    \u001b[33mx2\u001b[39m=\u001b[32m\"6\"\u001b[39m\n                    \u001b[33my1\u001b[39m=\u001b[32m\"20\"\u001b[39m\n                    \u001b[33my2\u001b[39m=\u001b[32m\"14\"\u001b[39m\n                  \u001b[36m/>\u001b[39m\n                \u001b[36m</svg>\u001b[39m\n              \u001b[36m</div>\u001b[39m\n              \u001b[36m<div\u001b[39m\n                \u001b[33mclass\u001b[39m=\u001b[32m\"flex items-baseline gap-1.5 min-w-0\"\u001b[39m\n                \u001b[33mstyle\u001b[39m=\u001b[32m\"opacity: 0; transform: translateX(-6px);\"\u001b[39m\n              \u001b[36m>\u001b[39m\n                \u001b[36m<span\u001b[39m\n                  \u001b[33mclass\u001b[39m=\u001b[32m\"gradient-text font-bold text-[15px] tracking-tight whitespace-nowrap\"\u001b[39m\n                \u001b[36m>\u001b[39m\n                  \u001b[0mAdTicks\u001b[0m\n                \u001b[36m</span>\u001b[39m\n                \u001b[36m<span\u001b[39m\n                  \u001b[33mclass\u001b[39m=\u001b[32m\"text-[9px] font-semibold px-1.5 py-0.5 rounded-full whitespace-nowrap\"\u001b[39m\n                  \u001b[33mstyle\u001b[39m=\u001b[32m\"background: rgba(99, 102, 241, 0.15); color: rgb(129, 140, 248); border: 1px solid rgba(99,102,241,0.2);\"\u001b[39m\n                \u001b[36m>\u001b[39m\n                  \u001b[0mBETA\u001b[0m\n                \u001b[36m</span>\u001b[39m\n              \u001b[36m</div>\u001b[39m\n            \u001b[36m</div>\u001b[39m\n            \u001b[36m<button\u001b[39m\n              \u001b[33mclass\u001b[39m=\u001b[32m\"absolute -right-3 top-1/2 -translate-y-1/2 w-6 h-6 rounded-full flex items-center justify-center z-50 hover:scale-110 transition-transform\"\u001b[39m\n              \u001b[33mstyle\u001b[39m=\u001b[32m\"background: rgb(26, 26, 30); border: 1px solid rgba(255,255,255,0.10); box-shadow: 0 2px 8px rgba(0,0,0,0.5);\"\u001b[39m\n            \u001b[36m>\u001b[39m\n              \u001b[36m<svg\u001b[39m\n                \u001b[33mclass\u001b[39m=\u001b[32m\"lucide lucide-chevron-left w-3 h-3 text-text-2\"\u001b[39m\n                \u001b[33mfill\u001b[39m=\u001b[32m\"none\"\u001b[39m\n                \u001b[33mheight\u001b[39m=\u001b[32m\"24\"\u001b[39m\n                \u001b[33mstroke\u001b[39m=\u001b[32m\"currentColor\"\u001b[39m\n                \u001b[33mstroke-linecap\u001b[39m=\u001b[32m\"round\"\u001b[39m\n                \u001b[33mstroke-linejoin\u001b[39m=\u001b[32m\"round\"\u001b[39m\n                \u001b[33mstroke-width\u001b[39m=\u001b[32m\"2\"\u001b[39m\n                \u001b[33mviewBox\u001b[39m=\u001b[32m\"0 0 24 24\"\u001b[39m\n                \u001b[33mwidth\u001b[39m=\u001b[32m\"24\"\u001b[39m\n                \u001b[33mxmlns\u001b[39m=\u001b[32m\"http://www.w3.org/2000/svg\"\u001b[39m\n              \u001b[36m>\u001b[39m\n                \u001b[36m<path\u001b[39m\n                  \u001b[33md\u001b[39m=\u001b[32m\"m15 18-6-6 6-6\"\u001b[39m\n                \u001b[36m/>\u001b[39m\n              \u001b[36m</svg>\u001b[39m\n            \u001b[36m</button>\u001b[39m\n          \u001b[36m</div>\u001b[39m\n          \u001b[36m<nav\u001b[39m\n            \u001b[33mclass\u001b[39m=\u001b[32m\"flex-1 py-3 overflow-y-auto overflow-x-hidden scrollbar-none\"\u001b[39m\n          \u001b[36m>\u001b[39m\n            \u001b[36m<div\u001b[39m\n              \u001b[33mclass\u001b[39m=\u001b[32m\"px-2\"\u001b[39m\n            \u001b[36m>\u001b[39m\n              \u001b[36m<p\u001b[39m\n                \u001b[33mclass\u001b[39m=\u001b[32m\"px-2 pb-1 pt-2 text-[10px] font-semibold uppercase tracking-widest text-text-3\"\u001b[39m\n                \u001b[33mstyle\u001b[39m=\u001b[32m\"opacity: 0;\"\u001b[39m\n              \u001b[36m>\u001b[39m\n                \u001b[0mMain\u001b[0m\n              \u001b[36m</p>\u001b[39m\n              \u001b[36m<div\u001b[39m\n                \u001b[33mclass\u001b[39m=\u001b[32m\"space-y-0.5\"\u001b[39m\n              \u001b[36m>\u001b[39m\n                \u001b[36m<div\u001b[39m\n                  \u001b[33mclass\u001b[39m=\u001b[32m\"relative\"\u001b[39m\n                \u001b[36m>\u001b[39m\n                  \u001b[36m<a\u001b[39m\n                    \u001b[33mhref\u001b[39m=\u001b[32m\"/\"\u001b[39m\n                  \u001b[36m>\u001b[39m\n                    \u001b[36m<span\u001b[39m\n                      \u001b[33mclass\u001b[39m=\u001b[32m\"absolute left-0 top-1/2 -translate-y-1/2 w-0.5 h-4 rounded-r-full\"\u001b[39m\n                      \u001b[33mstyle\u001b[39m=\u001b[32m\"background: rgb(99, 102, 241);\"\u001b[39m\n                    \u001b[36m/>\u001b[39m\n                    \u001b[36m<svg\u001b[39m\n                      \u001b[33mclass\u001b[39m=\u001b[32m\"lucide lucide-layout-dashboard flex-shrink-0 transition-colors text-primary\"\u001b[39m\n                      \u001b[33mfill\u001b[39m=\u001b[32m\"none\"\u001b[39m\n                      \u001b[33mheight\u001b[39m=\u001b[32m\"15\"\u001b[39m\n                      \u001b[33mstroke\u001b[39m=\u001b[32m\"currentColor\"\u001b[39m\n                      \u001b[33mstroke-linecap\u001b[39m=\u001b[32m\"round\"\u001b[39m\n                      \u001b[33mstroke-linejoin\u001b[39m=\u001b[32m\"round\"\u001b[39m\n                      \u001b[33mstroke-width\u001b[39m=\u001b[32m\"2.5\"\u001b[39m\n                      \u001b[33mviewBox\u001b[39m=\u001b[32m\"0 0 24 24\"\u001b[39m\n                      \u001b[33mwidth\u001b[39m=\u001b[32m\"15\"\u001b[39m\n                      \u001b[33mxmlns\u001b[39m=\u001b[32m\"http://www.w3.org/2000/svg\"\u001b[39m\n                    \u001b[36m>\u001b[39m\n                      \u001b[36m<rect\u001b[39m\n                        \u001b[33mheight\u001b[39m=\u001b[32m\"9\"\u001b[39m\n                        \u001b[33mrx\u001b[39m=\u001b[32m\"1\"\u001b[39m\n                        \u001b[33mwidth\u001b[39m=\u001b[32m\"7\"\u001b[39m\n                        \u001b[33mx\u001b[39m=\u001b[32m\"3\"\u001b[39m\n                        \u001b[33my\u001b[39m=\u001b[32m\"3\"\u001b[39m\n                      \u001b[36m/>\u001b[39m\n                      \u001b[36m<rect\u001b[39m\n                        \u001b[33mheight\u001b[39m=\u001b[32m\"5\"\u001b[39m\n                        \u001b[33mrx\u001b[39m=\u001b[32m\"1\"\u001b[39m\n                        \u001b[33mwidth\u001b[39m=\u001b[32m\"7\"\u001b[39m\n                        \u001b[33mx\u001b[39m=\u001b[32m\"14\"\u001b[39m\n                        \u001b[33my\u001b[39m=\u001b[32m\"3\"\u001b[39m\n                      \u001b[36m/>\u001b[39m\n                      \u001b[36m<rect\u001b[39m\n                        \u001b[33mheight\u001b[39m=\u001b[32m\"9\"\u001b[39m\n                        \u001b[33mrx\u001b[39m=\u001b[32m\"1\"\u001b[39m\n                        \u001b[33mwidth\u001b[39m=\u001b[32m\"7\"\u001b[39m\n                        \u001b[33mx\u001b[39m=\u001b[32m\"14\"\u001b[39m\n                        \u001b[33my\u001b[39m=\u001b[32m\"12\"\u001b[39m\n                      \u001b[36m/>\u001b[39m\n                      \u001b[36m<rect\u001b[39m\n                        \u001b[33mheight\u001b[39m=\u001b[32m\"5\"\u001b[39m\n                        \u001b[...\n\u001b[2m\u001b[22m\n\u001b[2m    \u001b[0m \u001b[90m 69 |\u001b[39m     \u001b[36mconst\u001b[39m onToggle \u001b[33m=\u001b[39m jest\u001b[33m.\u001b[39mfn()\u001b[33m;\u001b[39m\u001b[22m\n\u001b[2m     \u001b[90m 70 |\u001b[39m     render(\u001b[33m<\u001b[39m\u001b[33mSidebar\u001b[39m collapsed\u001b[33m=\u001b[39m{\u001b[36mfalse\u001b[39m} onToggle\u001b[33m=\u001b[39m{onToggle} \u001b[33m/\u001b[39m\u001b[33m>\u001b[39m)\u001b[33m;\u001b[39m\u001b[22m\n\u001b[2m    \u001b[31m\u001b[1m>\u001b[22m\u001b[2m\u001b[39m\u001b[90m 71 |\u001b[39m     fireEvent\u001b[33m.\u001b[39mclick(screen\u001b[33m.\u001b[39mgetByText(\u001b[32m\"Collapse\"\u001b[39m))\u001b[33m;\u001b[39m\u001b[22m\n\u001b[2m     \u001b[90m    |\u001b[39m                            \u001b[31m\u001b[1m^\u001b[22m\u001b[2m\u001b[39m\u001b[22m\n\u001b[2m     \u001b[90m 72 |\u001b[39m     expect(onToggle)\u001b[33m.\u001b[39mtoHaveBeenCalledTimes(\u001b[35m1\u001b[39m)\u001b[33m;\u001b[39m\u001b[22m\n\u001b[2m     \u001b[90m 73 |\u001b[39m   })\u001b[33m;\u001b[39m\u001b[22m\n\u001b[2m     \u001b[90m 74 |\u001b[39m\u001b[0m\u001b[22m\n\u001b[2m\u001b[22m\n\u001b[2m      \u001b[2mat Object.getElementError (\u001b[22m\u001b[2mnode_modules/@testing-library/dom/dist/config.js\u001b[2m:37:19)\u001b[22m\u001b[2m\u001b[22m\n\u001b[2m      \u001b[2mat \u001b[22m\u001b[2mnode_modules/@testing-library/dom/dist/query-helpers.js\u001b[2m:76:38\u001b[22m\u001b[2m\u001b[22m\n\u001b[2m      \u001b[2mat \u001b[22m\u001b[2mnode_modules/@testing-library/dom/dist/query-helpers.js\u001b[2m:52:17\u001b[22m\u0
[...]
location":null,"numPassingAsserts":1,"retryReasons":[],"status":"passed","title":"does not show 'Load more' button for 10 or fewer insights"}],"endTime":1776749621211,"message":"","name":"F:\\Codes\\Claude\\Adticks\\frontend\\__tests__\\components\\insights\\InsightList.test.tsx","startTime":1776749620971,"status":"passed","summary":""},{"assertionResults":[{"ancestorTitles":["Badge"],"duration":5,"failureDetails":[],"failureMessages":[],"fullName":"Badge renders children text","invocations":1,"location":null,"numPassingAsserts":1,"retryReasons":[],"status":"passed","title":"renders children text"},{"ancestorTitles":["Badge"],"duration":2,"failureDetails":[],"failureMessages":[],"fullName":"Badge renders with default variant","invocations":1,"location":null,"numPassingAsserts":1,"retryReasons":[],"status":"passed","title":"renders with default variant"},{"ancestorTitles":["Badge"],"duration":1,"failureDetails":[],"failureMessages":[],"fullName":"Badge renders secondary variant","invocations":1,"location":null,"numPassingAsserts":1,"retryReasons":[],"status":"passed","title":"renders secondary variant"},{"ancestorTitles":["Badge"],"duration":0,"failureDetails":[],"failureMessages":[],"fullName":"Badge renders success variant","invocations":1,"location":null,"numPassingAsserts":1,"retryReasons":[],"status":"passed","title":"renders success variant"},{"ancestorTitles":["Badge"],"duration":1,"failureDetails":[],"failureMessages":[],"fullName":"Badge renders warning variant","invocations":1,"location":null,"numPassingAsserts":1,"retryReasons":[],"status":"passed","title":"renders warning variant"},{"ancestorTitles":["Badge"],"duration":1,"failureDetails":[],"failureMessages":[],"fullName":"Badge renders danger variant","invocations":1,"location":null,"numPassingAsserts":1,"retryReasons":[],"status":"passed","title":"renders danger variant"},{"ancestorTitles":["Badge"],"duration":1,"failureDetails":[],"failureMessages":[],"fullName":"Badge renders outline variant","invocations":1,"location":null,"numPassingAsserts":1,"retryReasons":[],"status":"passed","title":"renders outline variant"},{"ancestorTitles":["Badge"],"duration":1,"failureDetails":[],"failureMessages":[],"fullName":"Badge renders informational variant","invocations":1,"location":null,"numPassingAsserts":1,"retryReasons":[],"status":"passed","title":"renders informational variant"},{"ancestorTitles":["Badge"],"duration":1,"failureDetails":[],"failureMessages":[],"fullName":"Badge renders transactional variant","invocations":1,"location":null,"numPassingAsserts":1,"retryReasons":[],"status":"passed","title":"renders transactional variant"},{"ancestorTitles":["Badge"],"duration":1,"failureDetails":[],"failureMessages":[],"fullName":"Badge renders commercial variant","invocations":1,"location":null,"numPassingAsserts":1,"retryReasons":[],"status":"passed","title":"renders commercial variant"},{"ancestorTitles":["Badge"],"duration":2,"failureDetails":[],"failureMessages":[],"fullName":"Badge renders navigational variant","invocations":1,"location":null,"numPassingAsserts":1,"retryReasons":[],"status":"passed","title":"renders navigational variant"},{"ancestorTitles":["Badge"],"duration":1,"failureDetails":[],"failureMessages":[],"fullName":"Badge renders p1 variant","invocations":1,"location":null,"numPassingAsserts":1,"retryReasons":[],"status":"passed","title":"renders p1 variant"},{"ancestorTitles":["Badge"],"duration":0,"failureDetails":[],"failureMessages":[],"fullName":"Badge renders p2 variant","invocations":1,"location":null,"numPassingAsserts":1,"retryReasons":[],"status":"passed","title":"renders p2 variant"},{"ancestorTitles":["Badge"],"duration":1,"failureDetails":[],"failureMessages":[],"fullName":"Badge renders p3 variant","invocations":1,"location":null,"numPassingAsserts":1,"retryReasons":[],"status":"passed","title":"renders p3 variant"},{"ancestorTitles":["Badge"],"duration":2,"failureDetails":[],"failureMessages":[],"fullName":"Badge accepts additional className","invocations":1,"location":null,"numPassingAsserts":1,"retryReasons":[],"status":"passed","title":"accepts additional className"},{"ancestorTitles":["Badge"],"duration":1,"failureDetails":[],"failureMessages":[],"fullName":"Badge renders as a span element","invocations":1,"location":null,"numPassingAsserts":1,"retryReasons":[],"status":"passed","title":"renders as a span element"}],"endTime":1776749621379,"message":"","name":"F:\\Codes\\Claude\\Adticks\\frontend\\__tests__\\components\\ui\\badge.test.tsx","startTime":1776749621222,"status":"passed","summary":""},{"assertionResults":[{"ancestorTitles":["cn utility"],"duration":4,"failureDetails":[],"failureMessages":[],"fullName":"cn utility merges class names correctly","invocations":1,"location":null,"numPassingAsserts":1,"retryReasons":[],"status":"passed","title":"merges class names correctly"},{"ancestorTitles":["cn utility"],"duration":0,"failureDetails":[],"failureMessages":[],"fullName":"cn utility handles conditional classes (false is excluded)","invocations":1,"location":null,"numPassingAsserts":1,"retryReasons":[],"status":"passed","title":"handles conditional classes (false is excluded)"},{"ancestorTitles":["cn utility"],"duration":0,"failureDetails":[],"failureMessages":[],"fullName":"cn utility handles undefined values","invocations":1,"location":null,"numPassingAsserts":1,"retryReasons":[],"status":"passed","title":"handles undefined values"},{"ancestorTitles":["cn utility"],"duration":0,"failureDetails":[],"failureMessages":[],"fullName":"cn utility resolves Tailwind conflicts — last one wins","invocations":1,"location":null,"numPassingAsserts":1,"retryReasons":[],"status":"passed","title":"resolves Tailwind conflicts — last one wins"},{"ancestorTitles":["cn utility"],"duration":0,"failureDetails":[],"failureMessages":[],"fullName":"cn utility returns empty string for no arguments","invocations":1,"location":null,"numPassingAsserts":1,"retryReasons":[],"status":"passed","title":"returns empty string for no arguments"},{"ancestorTitles":["formatNumber"],"duration":1,"failureDetails":[],"failureMessages":[],"fullName":"formatNumber formats a number with commas","invocations":1,"location":null,"numPassingAsserts":2,"retryReasons":[],"status":"passed","title":"formats a number with commas"},{"ancestorTitles":["formatNumber"],"duration":0,"failureDetails":[],"failureMessages":[],"fullName":"formatNumber formats compact K","invocations":1,"location":null,"numPassingAsserts":1,"retryReasons":[],"status":"passed","title":"formats compact K"},{"ancestorTitles":["formatNumber"],"duration":1,"failureDetails":[],"failureMessages":[],"fullName":"formatNumber formats compact M","invocations":1,"location":null,"numPassingAsserts":1,"retryReasons":[],"status":"passed","title":"formats compact M"},{"ancestorTitles":["formatNumber"],"duration":0,"failureDetails":[],"failureMessages":[],"fullName":"formatNumber returns plain number when compact and < 1000","invocations":1,"location":null,"numPassingAsserts":1,"retryReasons":[],"status":"passed","title":"returns plain number when compact and < 1000"},{"ancestorTitles":["formatCurrency"],"duration":1,"failureDetails":[],"failureMessages":[],"fullName":"formatCurrency formats USD correctly","invocations":1,"location":null,"numPassingAsserts":1,"retryReasons":[],"status":"passed","title":"formats USD correctly"},{"ancestorTitles":["formatCurrency"],"duration":0,"failureDetails":[],"failureMessages":[],"fullName":"formatCurrency formats with decimals when present","invocations":1,"location":null,"numPassingAsserts":1,"retryReasons":[],"status":"passed","title":"formats with decimals when present"},{"ancestorTitles":["formatPercent"],"duration":0,"failureDetails":[],"failureMessages":[],"fullName":"formatPercent formats to 1 decimal by default","invocations":1,"location":null,"numPassingAsserts":1,"retryReasons":[],"status":"passed","title":"formats to 1 decimal by default"},{"ancestorTitles":["formatPercent"],"duration":0,"failureDetails":[],"failureMessages":[],"fullName":"formatPercent respects custom decimal count","invocations":1,"location":null,"numPassingAsserts":1,"retryReasons":[],"status":"passed","title":"respects custom decimal count"},{"ancestorTitles":["formatDate"],"duration":5,"failureDetails":[],"failureMessages":[],"fullName":"formatDate formats a date string","invocations":1,"location":null,"numPassingAsserts":3,"retryReasons":[],"status":"passed","title":"formats a date string"},{"ancestorTitles":["formatDate"],"duration":1,"failureDetails":[],"failureMessages":[],"fullName":"formatDate formats a Date object","invocations":1,"location":null,"numPassingAsserts":1,"retryReasons":[],"status":"passed","title":"formats a Date object"},{"ancestorTitles":["formatRelativeTime"],"duration":0,"failureDetails":[],"failureMessages":[],"fullName":"formatRelativeTime returns \"just now\" for very recent times","invocations":1,"location":null,"numPassingAsserts":1,"retryReasons":[],"status":"passed","title":"returns \"just now\" for very recent times"},{"ancestorTitles":["formatRelativeTime"],"duration":0,"failureDetails":[],"failureMessages":[],"fullName":"formatRelativeTime returns minutes ago","invocations":1,"location":null,"numPassingAsserts":1,"retryReasons":[],"status":"passed","title":"returns minutes ago"},{"ancestorTitles":["formatRelativeTime"],"duration":0,"failureDetails":[],"failureMessages":[],"fullName":"formatRelativeTime returns hours ago","invocations":1,"location":null,"numPassingAsserts":1,"retryReasons":[],"status":"passed","title":"returns hours ago"},{"ancestorTitles":["formatRelativeTime"],"duration":1,"failureDetails":[],"failureMessages":[],"fullName":"formatRelativeTime returns days ago for less than a week","invocations":1,"location":null,"numPassingAsserts":1,"retryReasons":[],"status":"passed","title":"returns days ago for less than a week"},{"ancestorTitles":["getTrendColor"],"duration":0,"failureDetails":[],"failureMessages":[],"fullName":"getTrendColor returns success color for positive change","invocations":1,"location":null,"numPassingAsserts":1,"retryReasons":[],"status":"passed","title":"returns success color for positive change"},{"ancestorTitles":["getTrendColor"],"duration":0,"failureDetails":[],"failureMessages":[],"fullName":"getTrendColor returns danger color for negative change","invocations":1,"location":null,"numPassingAsserts":1,"retryReasons":[],"status":"passed","title":"returns danger color for negative change"},{"ancestorTitles":["getTrendColor"],"duration":1,"failureDetails":[],"failureMessages":[],"fullName":"getTrendColor returns muted color for zero change","invocations":1,"location":null,"numPassingAsserts":1,"retryReasons":[],"status":"passed","title":"returns muted color for zero change"},{"ancestorTitles":["getTrendSymbol"],"duration":0,"failureDetails":[],"failureMessages":[],"fullName":"getTrendSymbol returns up arrow for positive change","invocations":1,"location":null,"numPassingAsserts":1,"retryReasons":[],"status":"passed","title":"returns up arrow for positive change"},{"ancestorTitles":["getTrendSymbol"],"duration":1,"failureDetails":[],"failureMessages":[],"fullName":"getTrendSymbol returns down arrow for negative change","invocations":1,"location":null,"numPassingAsserts":1,"retryReasons":[],"status":"passed","title":"returns down arrow for negative change"},{"ancestorTitles":["getTrendSymbol"],"duration":0,"failureDetails":[],"failureMessages":[],"fullName":"getTrendSymbol returns dash for zero change","invocations":1,"location":null,"numPassingAsserts":1,"retryReasons":[],"status":"passed","title":"returns dash for zero change"},{"ancestorTitles":["getScoreColor"],"duration":0,"failureDetails":[],"failureMessages":[],"fullName":"getScoreColor returns green for score >= 80","invocations":1,"location":null,"numPassingAsserts":2,"retryReasons":[],"status":"passed","title":"returns green for score >= 80"},{"ancestorTitles":["getScoreColor"],"duration":1,"failureDetails":[],"failureMessages":[],"fullName":"getScoreColor returns amber for score 60–79","invocations":1,"location":null,"numPassingAsserts":2,"retryReasons":[],"status":"passed","title":"returns amber for score 60–79"},{"ancestorTitles":["getScoreColor"],"duration":0,"failureDetails":[],"failureMessages":[],"fullName":"getScoreColor returns orange for score 40–59","invocations":1,"location":null,"numPassingAsserts":1,"retryReasons":[],"status":"passed","title":"returns orange for score 40–59"},{"ancestorTitles":["getScoreColor"],"duration":0,"failureDetails":[],"failureMessages":[],"fullName":"getScoreColor returns red for score < 40","invocations":1,"location":null,"numPassingAsserts":1,"retryReasons":[],"status":"passed","title":"returns red for score < 40"},{"ancestorTitles":["getDifficultyColor"],"duration":0,"failureDetails":[],"failureMessages":[],"fullName":"getDifficultyColor returns green for easy difficulty (<= 30)","invocations":1,"location":null,"numPassingAsserts":1,"retryReasons":[],"status":"passed","title":"returns green for easy difficulty (<= 30)"},{"ancestorTitles":["getDifficultyColor"],"duration":0,"failureDetails":[],"failureMessages":[],"fullName":"getDifficultyColor returns amber for medium difficulty (31–60)","invocations":1,"location":null,"numPassingAsserts":1,"retryReasons":[],"status":"passed","title":"returns amber for medium difficulty (31–60)"},{"ancestorTitles":["getDifficultyColor"],"duration":0,"failureDetails":[],"failureMessages":[],"fullName":"getDifficultyColor returns red for hard difficulty (> 60)","invocations":1,"location":null,"numPassingAsserts":1,"retryReasons":[],"status":"passed","title":"returns red for hard difficulty (> 60)"},{"ancestorTitles":["truncate"],"duration":1,"failureDetails":[],"failureMessages":[],"fullName":"truncate truncates long strings with ellipsis","invocations":1,"location":null,"numPassingAsserts":1,"retryReasons":[],"status":"passed","title":"truncates long strings with ellipsis"},{"ancestorTitles":["truncate"],"duration":0,"failureDetails":[],"failureMessages":[],"fullName":"truncate returns original string when within length","invocations":1,"location":null,"numPassingAsserts":1,"retryReasons":[],"status":"passed","title":"returns original string when within length"},{"ancestorTitles":["truncate"],"duration":11,"failureDetails":[],"failureMessages":[],"fullName":"truncate returns original string when exactly at length","invocations":1,"location":null,"numPassingAsserts":1,"retryReasons":[],"status":"passed","title":"returns original string when exactly at length"}],"endTime":1776749621525,"message":"","name":"F:\\Codes\\Claude\\Adticks\\frontend\\__tests__\\lib\\utils.test.ts","startTime":1776749621388,"status":"passed","summary":""},{"assertionResults":[{"ancestorTitles":["auth utilities","setTokens / getAccessToken / getRefreshToken"],"duration":2,"failureDetails":[],"failureMessages":[],"fullName":"auth utilities setTokens / getAccessToken / getRefreshToken stores access and refresh tokens in localStorage","invocations":1,"location":null,"numPassingAsserts":2,"retryReasons":[],"status":"passed","title":"stores access and refresh tokens in localStorage"},{"ancestorTitles":["auth utilities","setTokens / getAccessToken / getRefreshToken"],"duration":0,"failureDetails":[],"failureMessages":[],"fullName":"auth utilities setTokens / getAccessToken / getRefreshToken getAccessToken retrieves the access token","invocations":1,"location":null,"numPassingAsserts":1,"retryReasons":[],"status":"passed","title":"getAccessToken retrieves the access token"},{"ancestorTitles":["auth utilities","setTokens / getAccessToken / getRefreshToken"],"duration":0,"failureDetails":[],"failureMessages":[],"fullName":"auth utilities setTokens / getAccessToken / getRefreshToken getRefreshToken retrieves the refresh token","invocations":1,"location":null,"numPassingAsserts":1,"retryReasons":[],"status":"passed","title":"getRefreshToken retrieves the refresh token"},{"ancestorTitles":["auth utilities","setTokens / getAccessToken / getRefreshToken"],"duration":0,"failureDetails":[],"failureMessages":[],"fullName":"auth utilities setTokens / getAccessToken / getRefreshToken getAccessToken returns null when no token stored","invocations":1,"location":null,"numPassingAsserts":1,"retryReasons":[],"status":"passed","title":"getAccessToken returns null when no token stored"},{"ancestorTitles":["auth utilities","clearTokens"],"duration":0,"failureDetails":[],"failureMessages":[],"fullName":"auth utilities clearTokens removes access token, refresh token, and user from localStorage","invocations":1,"location":null,"numPassingAsserts":3,"retryReasons":[],"status":"passed","title":"removes access token, refresh token, and user from localStorage"},{"ancestorTitles":["auth utilities","setUser / getUser"],"duration":1,"failureDetails":[],"failureMessages":[],"fullName":"auth utilities setUser / getUser stores user as JSON in localStorage","invocations":1,"location":null,"numPassingAsserts":1,"retryReasons":[],"status":"passed","title":"stores user as JSON in localStorage"},{"ancestorTitles":["auth utilities","setUser / getUser"],"duration":0,"failureDetails":[],"failureMessages":[],"fullName":"auth utilities setUser / getUser retrieves and parses the stored user","invocations":1,"location":null,"numPassingAsserts":2,"retryReasons":[],"status":"passed","title":"retrieves and parses the stored user"},{"ancestorTitles":["auth utilities","setUser / getUser"],"duration":1,"failureDetails":[],"failureMessages":[],"fullName":"auth utilities setUser / getUser returns null when no user is stored","invocations":1,"location":null,"numPassingAsserts":1,"retryReasons":[],"status":"passed","title":"returns null when no user is stored"},{"ancestorTitles":["auth utilities","setUser / getUser"],"duration":0,"failureDetails":[],"failureMessages":[],"fullName":"auth utilities setUser / getUser returns null when stored user is invalid JSON","invocations":1,"location":null,"numPassingAsserts":1,"retryReasons":[],"status":"passed","title":"returns null when stored user is invalid JSON"},{"ancestorTitles":["auth utilities","isAuthenticated"],"duration":1,"failureDetails":[],"failureMessages":[],"fullName":"auth utilities isAuthenticated returns false when no access token stored","invocations":1,"location":null,"numPassingAsserts":1,"retryReasons":[],"status":"passed","title":"returns false when no access token stored"},{"ancestorTitles":["auth utilities","isAuthenticated"],"duration":0,"failureDetails":[],"failureMessages":[],"fullName":"auth utilities isAuthenticated returns true when an access token exists","invocations":1,"location":null,"numPassingAsserts":1,"retryReasons":[],"status":"passed","title":"returns true when an access token exists"},{"ancestorTitles":["auth utilities","getTrialDaysLeft"],"duration":1,"failureDetails":[],"failureMessages":[],"fullName":"auth utilities getTrialDaysLeft returns 0 when no trialEndsAt is provided","invocations":1,"location":null,"numPassingAsserts":1,"retryReasons":[],"status":"passed","title":"returns 0 when no trialEndsAt is provided"},{"ancestorTitles":["auth utilities","getTrialDaysLeft"],"duration":0,"failureDetails":[],"failureMessages":[],"fullName":"auth utilities getTrialDaysLeft returns 0 when trial has already ended","invocations":1,"location":null,"numPassingAsserts":1,"retryReasons":[],"status":"passed","title":"returns 0 when trial has already ended"},{"ancestorTitles":["auth utilities","getTrialDaysLeft"],"duration":0,"failureDetails":[],"failureMessages":[],"fullName":"auth utilities getTrialDaysLeft returns correct days remaining for future trial end","invocations":1,"location":null,"numPassingAsserts":2,"retryReasons":[],"status":"passed","title":"returns correct days remaining for future trial end"}],"endTime":1776749621644,"message":"","name":"F:\\Codes\\Claude\\Adticks\\frontend\\__tests__\\lib\\auth.test.ts","startTime":1776749621534,"status":"passed","summary":""}],"wasInterrupted":false}
